This is pdfTeX, Version 3.14159265-2.6-1.40.19 (TeX Live 2018) (preloaded format=pdflatex 2018.4.16)  4 JUL 2018 01:41
entering extended mode
 restricted \write18 enabled.
 %&-line parsing enabled.
**es.tex
(./es.tex
LaTeX2e <2018-04-01> patch level 2
Babel <3.18> and hyphenation patterns for 84 language(s) loaded.
(/usr/local/texlive/2018/texmf-dist/tex/latex/base/book.cls
Document Class: book 2014/09/29 v1.4h Standard LaTeX document class
(/usr/local/texlive/2018/texmf-dist/tex/latex/base/bk11.clo
File: bk11.clo 2014/09/29 v1.4h Standard LaTeX file (size option)
)
\c@part=\count80
\c@chapter=\count81
\c@section=\count82
\c@subsection=\count83
\c@subsubsection=\count84
\c@paragraph=\count85
\c@subparagraph=\count86
\c@figure=\count87
\c@table=\count88
\abovecaptionskip=\skip41
\belowcaptionskip=\skip42
\bibindent=\dimen102
)
(/usr/local/texlive/2018/texmf-dist/tex/latex/base/inputenc.sty
Package: inputenc 2018/04/06 v1.3b Input encoding file
\inpenc@prehook=\toks14
\inpenc@posthook=\toks15

(/usr/local/texlive/2018/texmf-dist/tex/latex/base/latin1.def
File: latin1.def 2018/04/06 v1.3b Input encoding file
))
(/usr/local/texlive/2018/texmf-dist/tex/latex/tools/varioref.sty
Package: varioref 2016/02/16 v1.5c package for extended references (FMi)
\c@vrcnt=\count89
)
(/usr/local/texlive/2018/texmf-dist/tex/latex/base/alltt.sty
Package: alltt 1997/06/16 v2.0g defines alltt environment
)
(/usr/local/texlive/2018/texmf-dist/tex/latex/tools/verbatim.sty
Package: verbatim 2014/10/28 v1.5q LaTeX2e package for verbatim enhancements
\every@verbatim=\toks16
\verbatim@line=\toks17
\verbatim@in@stream=\read1
)
(/usr/local/texlive/2018/texmf-dist/tex/latex/psnfss/pifont.sty
Package: pifont 2005/04/12 PSNFSS-v9.2a Pi font support (SPQR) 
LaTeX Font Info:    Try loading font information for U+pzd on input line 63.

(/usr/local/texlive/2018/texmf-dist/tex/latex/psnfss/upzd.fd
File: upzd.fd 2001/06/04 font definitions for U/pzd.
)
LaTeX Font Info:    Try loading font information for U+psy on input line 64.

(/usr/local/texlive/2018/texmf-dist/tex/latex/psnfss/upsy.fd
File: upsy.fd 2001/06/04 font definitions for U/psy.
))
(/usr/local/texlive/2018/texmf-dist/tex/latex/base/latexsym.sty
Package: latexsym 1998/08/17 v2.2e Standard LaTeX package (lasy symbols)
\symlasy=\mathgroup4
LaTeX Font Info:    Overwriting symbol font `lasy' in version `bold'
(Font)                  U/lasy/m/n --> U/lasy/b/n on input line 52.
)
(/usr/local/texlive/2018/texmf-dist/tex/latex/amsmath/amsmath.sty
Package: amsmath 2017/09/02 v2.17a AMS math features
\@mathmargin=\skip43

For additional information on amsmath, use the `?' option.
(/usr/local/texlive/2018/texmf-dist/tex/latex/amsmath/amstext.sty
Package: amstext 2000/06/29 v2.01 AMS text

(/usr/local/texlive/2018/texmf-dist/tex/latex/amsmath/amsgen.sty
File: amsgen.sty 1999/11/30 v2.0 generic functions
\@emptytoks=\toks18
\ex@=\dimen103
))
(/usr/local/texlive/2018/texmf-dist/tex/latex/amsmath/amsbsy.sty
Package: amsbsy 1999/11/29 v1.2d Bold Symbols
\pmbraise@=\dimen104
)
(/usr/local/texlive/2018/texmf-dist/tex/latex/amsmath/amsopn.sty
Package: amsopn 2016/03/08 v2.02 operator names
)
\inf@bad=\count90
LaTeX Info: Redefining \frac on input line 213.
\uproot@=\count91
\leftroot@=\count92
LaTeX Info: Redefining \overline on input line 375.
\classnum@=\count93
\DOTSCASE@=\count94
LaTeX Info: Redefining \ldots on input line 472.
LaTeX Info: Redefining \dots on input line 475.
LaTeX Info: Redefining \cdots on input line 596.
\Mathstrutbox@=\box26
\strutbox@=\box27
\big@size=\dimen105
LaTeX Font Info:    Redeclaring font encoding OML on input line 712.
LaTeX Font Info:    Redeclaring font encoding OMS on input line 713.
\macc@depth=\count95
\c@MaxMatrixCols=\count96
\dotsspace@=\muskip10
\c@parentequation=\count97
\dspbrk@lvl=\count98
\tag@help=\toks19
\row@=\count99
\column@=\count100
\maxfields@=\count101
\andhelp@=\toks20
\eqnshift@=\dimen106
\alignsep@=\dimen107
\tagshift@=\dimen108
\tagwidth@=\dimen109
\totwidth@=\dimen110
\lineht@=\dimen111
\@envbody=\toks21
\multlinegap=\skip44
\multlinetaggap=\skip45
\mathdisplay@stack=\toks22
LaTeX Info: Redefining \[ on input line 2817.
LaTeX Info: Redefining \] on input line 2818.
)
(./grammar.sty) (/usr/local/texlive/2018/texmf-dist/tex/latex/base/ifthen.sty
Package: ifthen 2014/09/29 v1.1c Standard LaTeX ifthen package (DPC)
)
(/usr/local/texlive/2018/texmf-dist/tex/latex/base/makeidx.sty
Package: makeidx 2014/09/29 v1.0m Standard LaTeX package
)
\c@example=\count102
\Mylen=\skip46
\@indexfile=\write3
\openout3 = `es.idx'.


Writing index file es.idx
No file es.aux.
\openout1 = `es.aux'.

LaTeX Font Info:    Checking defaults for OML/cmm/m/it on input line 351.
LaTeX Font Info:    ... okay on input line 351.
LaTeX Font Info:    Checking defaults for T1/cmr/m/n on input line 351.
LaTeX Font Info:    ... okay on input line 351.
LaTeX Font Info:    Checking defaults for OT1/cmr/m/n on input line 351.
LaTeX Font Info:    ... okay on input line 351.
LaTeX Font Info:    Checking defaults for OMS/cmsy/m/n on input line 351.
LaTeX Font Info:    ... okay on input line 351.
LaTeX Font Info:    Checking defaults for OMX/cmex/m/n on input line 351.
LaTeX Font Info:    ... okay on input line 351.
LaTeX Font Info:    Checking defaults for U/cmr/m/n on input line 351.
LaTeX Font Info:    ... okay on input line 351.
LaTeX Font Info:    Try loading font information for U+lasy on input line 357.
(/usr/local/texlive/2018/texmf-dist/tex/latex/base/ulasy.fd
File: ulasy.fd 1998/08/17 v2.2e LaTeX symbol font definitions
) [1




{/usr/local/texlive/2018/texmf-var/fonts/map/pdftex/updmap/pdftex.map}] [2

]
No file es.toc.
\tf@toc=\write4
\openout4 = `es.toc'.

[3]
\openout2 = `es-release-notes.aux'.

 (./es-release-notes.tex [4


]

LaTeX Font Warning: Font shape `OT1/cmr/bx/sc' undefined
(Font)              using `OT1/cmr/bx/n' instead on input line 21.

LaTeX Font Info:    Try loading font information for OMS+cmr on input line 26.
(/usr/local/texlive/2018/texmf-dist/tex/latex/base/omscmr.fd
File: omscmr.fd 2014/09/29 v2.5h Standard LaTeX font definitions
)
LaTeX Font Info:    Font shape `OMS/cmr/m/n' in size <10.95> not available
(Font)              Font shape `OMS/cmsy/m/n' tried instead on input line 26.

Overfull \hbox (5.03833pt too wide) in paragraph at lines 27--29
[]\OT1/cmr/m/n/10.95 Removed \OT1/cmr/m/sc/10.95 Stan-dard Er-lang \OT1/cmr/m/n
/10.95 lex-i-cal rules from lex-i-cal sum-mary. (Used
 []

[5] [6

]

LaTeX Warning: Reference `chapter:summary-exprs' on page vii undefined on input
 line 50.


LaTeX Warning: Reference `section:atoms' on page vii undefined on input line 60
.


LaTeX Warning: Reference `chapter:bifs' on page vii undefined on input line 61.



Overfull \hbox (0.25436pt too wide) in paragraph at lines 61--63
[]\OT1/cmr/m/n/10.95 All BIFs of \OT1/cmr/m/sc/10.95 Er-lang \OT1/cmr/m/n/10.95
 4.7.3 are de-scribed (\OMS/cmsy/m/n/10.95 x[]\OT1/cmr/m/n/10.95 ), ex-cept two
: \OT1/cmtt/m/n/10.95 set_node/2
 []


LaTeX Warning: Reference `section:equality' on page vii undefined on input line
 64.


LaTeX Warning: Reference `section:extent-function-calls' on page vii undefined 
on input line 76.

[7]

LaTeX Warning: Reference `section:coding-pattern-matching' on page viii undefin
ed on input line 83.


LaTeX Warning: Reference `section:setnode2' on page viii undefined on input lin
e 99.


LaTeX Warning: Reference `section:setnode3' on page viii undefined on input lin
e 100.

[8]

LaTeX Warning: Reference `section:guards' on page ix undefined on input line 12
4.


LaTeX Warning: Reference `chapter:arithmetics' on page ix undefined on input li
ne 131.


LaTeX Warning: Reference `chapter:more-about-ports' on page ix undefined on inp
ut line 132.


LaTeX Warning: Reference `section:scheduling' on page ix undefined on input lin
e 134.


LaTeX Warning: Reference `section:life-time' on page ix undefined on input line
 135.


LaTeX Warning: Reference `section:memory-management' on page ix undefined on in
put line 136.

[9

] [10]

LaTeX Warning: Reference `chapter:compilation' on page xi undefined on input li
ne 170.


LaTeX Warning: Reference `section:coercion' on page xi undefined on input line 
172.

[11

]

LaTeX Warning: Reference `chapter:bifs' on page xii undefined on input line 190
.

[12]

LaTeX Warning: Reference `section:match-expr' on page xiii undefined on input l
ine 200.


LaTeX Warning: Reference `section:send-expr' on page xiii undefined on input li
ne 201.


LaTeX Warning: Reference `section:moduleinfo1' on page xiii undefined on input 
line 202.


LaTeX Warning: Reference `section:keywords' on page xiii undefined on input lin
e 205.


LaTeX Warning: Reference `section:escapes' on page xiii undefined on input line
 207.


LaTeX Warning: Reference `section:binaries' on page xiii undefined on input lin
e 209.


LaTeX Warning: Reference `section:term-order' on page xiii undefined on input l
ine 211.


LaTeX Warning: Reference `section:send-expr' on page xiii undefined on input li
ne 213.


LaTeX Warning: Reference `section:list-subtraction' on page xiii undefined on i
nput line 215.


LaTeX Warning: Reference `section:receive-expr' on page xiii undefined on input
 line 217.


LaTeX Warning: Reference `section:if-expr' on page xiii undefined on input line
 221.


LaTeX Warning: Reference `section:case-expr' on page xiii undefined on input li
ne 221.


LaTeX Warning: Reference `section:receive-expr' on page xiii undefined on input
 line 221.


LaTeX Warning: Reference `section:fun-exprs' on page xiii undefined on input li
ne 222.


LaTeX Warning: Reference `section:fun-exprs' on page xiii undefined on input li
ne 224.


LaTeX Warning: Reference `section:guards' on page xiii undefined on input line 
225.


LaTeX Warning: Reference `chapter:processes' on page xiii undefined on input li
ne 226.

[13

]

LaTeX Warning: Reference `chapter:processes' on page xiv undefined on input lin
e 230.

) [14]
\openout2 = `es-todo.aux'.


No file es-todo.tex.
\openout2 = `es-introduction.aux'.

(./es-introduction.tex
Chapter 1.

LaTeX Warning: Citation `erlbook' on page 1 undefined on input line 54.

) [1






]
\openout2 = `es-notation.aux'.

 (./es-notation.tex [2



]
Chapter 2.
[3] [4]

LaTeX Warning: Reference `chapter:expressions-evaluation' on page 5 undefined o
n input line 152.


LaTeX Warning: Reference `section:assocationlists' on page 5 undefined on input
 line 173.


LaTeX Warning: Reference `chapter:bifs' on page 5 undefined on input line 234.


LaTeX Warning: Citation `erltc' on page 5 undefined on input line 240.


LaTeX Warning: Citation `subtyping' on page 5 undefined on input line 240.


LaTeX Warning: Reference `table:types' on page 5 undefined on input line 241.

[5]

LaTeX Warning: Citation `aho+ullman:foundations' on page 6 undefined on input l
ine 313.

[6] [7]

LaTeX Warning: Reference `section:integer-literals' on page 8 undefined on inpu
t line 402.


LaTeX Warning: Reference `chapter:lexical' on page 8 undefined on input line 43
1.


LaTeX Warning: Reference `section:input-elements' on page 8 undefined on input 
line 435.


LaTeX Warning: Reference `section:full-stop' on page 8 undefined on input line 
436.


LaTeX Warning: Reference `section:main-grammar' on page 8 undefined on input li
ne 437.

[8]

LaTeX Warning: Reference `section:lex-gram-summary' on page 9 undefined on inpu
t line 444.


LaTeX Warning: Reference `chapter:expressions-evaluation' on page 9 undefined o
n input line 451.


LaTeX Warning: Reference `chapter:programs-modules' on page 9 undefined on inpu
t line 452.


LaTeX Warning: Reference `chapter:lexical' on page 9 undefined on input line 45
5.


LaTeX Warning: Reference `section:match-expr' on page 9 undefined on input line
 459.


LaTeX Warning: Reference `section:list-comprehensions' on page 9 undefined on i
nput line 460.


LaTeX Warning: Reference `section:main-gram-summary' on page 9 undefined on inp
ut line 491.

[9]

LaTeX Warning: Reference `section:catch' on page 10 undefined on input line 515
.


LaTeX Warning: Reference `section:completion' on page 10 undefined on input lin
e 517.


LaTeX Warning: Reference `section:process-completion' on page 10 undefined on i
nput line 522.


LaTeX Warning: Citation `ascii' on page 10 undefined on input line 557.

[10]

LaTeX Warning: Reference `section:import-attribute' on page 11 undefined on inp
ut line 580.


LaTeX Warning: Reference `section:operators' on page 11 undefined on input line
 582.


LaTeX Warning: Reference `chapter:bifs' on page 11 undefined on input line 590.



LaTeX Warning: Reference `section:binaries' on page 11 undefined on input line 
625.


LaTeX Warning: Reference `section:binaries' on page 11 undefined on input line 
632.

[11]

LaTeX Warning: Reference `chapter:compilation' on page 12 undefined on input li
ne 685.


LaTeX Warning: Reference `section:REB' on page 12 undefined on input line 699.

[12]

LaTeX Warning: Reference `section:REB' on page 13 undefined on input line 727.


LaTeX Warning: Reference `chapter:compilation' on page 13 undefined on input li
ne 742.

[13]

LaTeX Warning: Reference `section:exit-signals' on page 14 undefined on input l
ine 779.


LaTeX Warning: Reference `section:binaries' on page 14 undefined on input line 
799.


LaTeX Warning: Reference `section:float-type' on page 14 undefined on input lin
e 805.


LaTeX Warning: Reference `section:REB' on page 14 undefined on input line 810.


LaTeX Warning: Reference `section:process-state-dynamic' on page 14 undefined o
n input line 820.


LaTeX Warning: Reference `section:node-state-dynamic' on page 14 undefined on i
nput line 821.


LaTeX Warning: Reference `section:port-state-dynamic' on page 14 undefined on i
nput line 822.


LaTeX Warning: Citation `javaspec' on page 14 undefined on input line 848.


LaTeX Warning: Citation `iso-c' on page 14 undefined on input line 848.

[14]

LaTeX Warning: Citation `latin-1' on page 15 undefined on input line 891.


LaTeX Warning: Reference `section:lists' on page 15 undefined on input line 900
.


LaTeX Warning: Reference `chapter:types-terms' on page 15 undefined on input li
ne 908.

[15]

LaTeX Warning: Reference `section:macros' on page 16 undefined on input line 93
7.


LaTeX Warning: Reference `section:receive-expr' on page 16 undefined on input l
ine 945.


LaTeX Warning: Reference `section:messages' on page 16 undefined on input line 
946.


LaTeX Warning: Reference `chapter:programs-modules' on page 16 undefined on inp
ut line 954.


LaTeX Warning: Reference `chapter:module-dynamics' on page 16 undefined on inpu
t line 955.


LaTeX Warning: Reference `chapter:nodes' on page 16 undefined on input line 964
.


LaTeX Warning: Reference `section:operators' on page 16 undefined on input line
 984.

[16]

LaTeX Warning: Reference `section:operators' on page 17 undefined on input line
 992.


LaTeX Warning: Citation `otp-dev-ref' on page 17 undefined on input line 999.


LaTeX Warning: Reference `section:pattern-matching' on page 17 undefined on inp
ut line 1008.


LaTeX Warning: Reference `section:pids' on page 17 undefined on input line 1020
.


LaTeX Warning: Reference `section:pids' on page 17 undefined on input line 1022
.


LaTeX Warning: Reference `chapter:more-about-ports' on page 17 undefined on inp
ut line 1030.


LaTeX Warning: Reference `section:preprocessing' on page 17 undefined on input 
line 1038.


LaTeX Warning: Reference `section:signals' on page 17 undefined on input line 1
045.


LaTeX Warning: Reference `chapter:processes' on page 17 undefined on input line
 1047.


LaTeX Warning: Reference `section:makeref0' on page 17 undefined on input line 
1053.


LaTeX Warning: Reference `section:refs' on page 17 undefined on input line 1056
.

[17]

LaTeX Warning: Reference `chapter:types-terms' on page 18 undefined on input li
ne 1116.


LaTeX Warning: Reference `section:throw1' on page 18 undefined on input line 11
35.


LaTeX Warning: Reference `section:main-grammar' on page 18 undefined on input l
ine 1142.


LaTeX Warning: Reference `section:lexical-grammar' on page 18 undefined on inpu
t line 1144.

[18]

LaTeX Warning: Reference `chapter:types-terms' on page 19 undefined on input li
ne 1167.


LaTeX Warning: Reference `section:type-notation' on page 19 undefined on input 
line 1172.


LaTeX Warning: Citation `unicode' on page 19 undefined on input line 1177.


LaTeX Warning: Reference `section:variables' on page 19 undefined on input line
 1187.


LaTeX Warning: Reference `section:variables-eval' on page 19 undefined on input
 line 1191.


LaTeX Warning: Reference `section:pattern-matching' on page 19 undefined on inp
ut line 1192.

) [19]
\openout2 = `es-lexical-structure.aux'.

 (./es-lexical-structure.tex [20



]
Chapter 3.

LaTeX Warning: Reference `section:line-terminators' on page 21 undefined on inp
ut line 73.


LaTeX Warning: Reference `section:input-elements' on page 21 undefined on input
 line 76.


LaTeX Warning: Reference `section:white-space' on page 21 undefined on input li
ne 78.


LaTeX Warning: Reference `section:comments' on page 21 undefined on input line 
79.


LaTeX Warning: Reference `section:full-stop' on page 21 undefined on input line
 80.

[21]

LaTeX Warning: Reference `section:white-space' on page 22 undefined on input li
ne 225.


LaTeX Warning: Reference `section:comments' on page 22 undefined on input line 
225.


LaTeX Warning: Reference `section:separators' on page 22 undefined on input lin
e 230.


LaTeX Warning: Reference `section:keywords' on page 22 undefined on input line 
231.


LaTeX Warning: Reference `section:operators' on page 22 undefined on input line
 232.


LaTeX Warning: Reference `section:integer-literals' on page 22 undefined on inp
ut line 233.


LaTeX Warning: Reference `section:float-literals' on page 22 undefined on input
 line 234.


LaTeX Warning: Reference `section:char-literals' on page 22 undefined on input 
line 235.


LaTeX Warning: Reference `section:string-literals' on page 22 undefined on inpu
t line 236.


LaTeX Warning: Reference `section:atom-literals' on page 22 undefined on input 
line 237.


LaTeX Warning: Reference `section:variables' on page 22 undefined on input line
 238.


LaTeX Warning: Reference `section:universal-pattern' on page 22 undefined on in
put line 239.


Underfull \vbox (badness 1043) has occurred while \output is active []

 [22]
[23]

LaTeX Warning: Reference `section:atom-literals' on page 24 undefined on input 
line 363.


LaTeX Warning: Reference `section:atom-literals' on page 24 undefined on input 
line 392.

[24] [25]

LaTeX Warning: Reference `section:numeral-to-integer' on page 26 undefined on i
nput line 550.


LaTeX Warning: Reference `section:radix-numeral-to-integer' on page 26 undefine
d on input line 557.

[26]

LaTeX Warning: Reference `section:integer-literals' on page 27 undefined on inp
ut line 607.


LaTeX Warning: Reference `section:numeral-to-float' on page 27 undefined on inp
ut line 612.


LaTeX Warning: Reference `section:escapes' on page 27 undefined on input line 6
35.


LaTeX Warning: Reference `section:white-space' on page 27 undefined on input li
ne 639.

[27]

LaTeX Warning: Reference `section:escapes' on page 28 undefined on input line 6
83.


LaTeX Warning: Reference `section:keywords' on page 28 undefined on input line 
717.


LaTeX Warning: Reference `section:operators' on page 28 undefined on input line
 717.

[28]

LaTeX Warning: Reference `section:escapes' on page 29 undefined on input line 7
49.


LaTeX Warning: Reference `section:universal-pattern' on page 29 undefined on in
put line 806.

[29]

LaTeX Warning: Reference `section:pattern-matching' on page 30 undefined on inp
ut line 830.

[30]) [31]
\openout2 = `es-types-terms.aux'.

 (./es-types-terms.tex [32



]
Chapter 4.

LaTeX Warning: Citation `erltc' on page 33 undefined on input line 35.


LaTeX Warning: Reference `section:atoms' on page 33 undefined on input line 51.



LaTeX Warning: Reference `section:numbers' on page 33 undefined on input line 5
5.


LaTeX Warning: Reference `section:refs' on page 33 undefined on input line 56.


LaTeX Warning: Reference `section:binaries' on page 33 undefined on input line 
57.


LaTeX Warning: Reference `section:pids' on page 33 undefined on input line 61.


LaTeX Warning: Reference `section:ports' on page 33 undefined on input line 62.



LaTeX Warning: Reference `section:tuples' on page 33 undefined on input line 71
.


LaTeX Warning: Reference `section:lists' on page 33 undefined on input line 72.



LaTeX Warning: Reference `section:recognizer-bifs' on page 33 undefined on inpu
t line 81.

[33]

LaTeX Warning: Reference `section:atom-literals' on page 34 undefined on input 
line 90.


LaTeX Warning: Reference `section:booleannot' on page 34 undefined on input lin
e 115.


LaTeX Warning: Reference `section:booleanand' on page 34 undefined on input lin
e 116.


LaTeX Warning: Reference `section:booleanor' on page 34 undefined on input line
 117.


LaTeX Warning: Reference `section:booleanxor' on page 34 undefined on input lin
e 117.


LaTeX Warning: Reference `section:list-comprehensions' on page 34 undefined on 
input line 124.


LaTeX Warning: Reference `section:strings' on page 34 undefined on input line 1
48.


LaTeX Warning: Reference `section:recognizer-bifs' on page 34 undefined on inpu
t line 154.


LaTeX Warning: Reference `section:atom-literals' on page 34 undefined on input 
line 159.


LaTeX Warning: Reference `section:atom-bifs' on page 34 undefined on input line
 161.


LaTeX Warning: Reference `section:integer-type' on page 34 undefined on input l
ine 236.


LaTeX Warning: Reference `section:float-type' on page 34 undefined on input lin
e 236.


LaTeX Warning: Reference `section:integer-literals' on page 34 undefined on inp
ut line 239.


LaTeX Warning: Reference `section:float-literals' on page 34 undefined on input
 line 240.


LaTeX Warning: Reference `section:recognizer-bifs' on page 34 undefined on inpu
t line 245.

[34]

LaTeX Warning: Reference `section:unaryplus' on page 35 undefined on input line
 250.


LaTeX Warning: Reference `section:unaryminus' on page 35 undefined on input lin
e 250.


LaTeX Warning: Reference `section:multiplication' on page 35 undefined on input
 line 252.


LaTeX Warning: Reference `section:floatdiv' on page 35 undefined on input line 
253.


LaTeX Warning: Reference `section:intdiv' on page 35 undefined on input line 25
5.


LaTeX Warning: Reference `section:intrem' on page 35 undefined on input line 25
7.


LaTeX Warning: Reference `section:additionops' on page 35 undefined on input li
ne 259.


LaTeX Warning: Reference `section:shift' on page 35 undefined on input line 260
.


LaTeX Warning: Reference `section:bitwisecomp' on page 35 undefined on input li
ne 262.


LaTeX Warning: Reference `section:bitwiseand' on page 35 undefined on input lin
e 263.


LaTeX Warning: Reference `section:bitwiseor' on page 35 undefined on input line
 264.


LaTeX Warning: Reference `section:bitwiseor' on page 35 undefined on input line
 264.


LaTeX Warning: Reference `section:number-bifs' on page 35 undefined on input li
ne 268.


LaTeX Warning: Reference `section:char-literals' on page 35 undefined on input 
line 305.


LaTeX Warning: Reference `chapter:external-format' on page 35 undefined on inpu
t line 319.


LaTeX Warning: Reference `section:recognizer-bifs' on page 35 undefined on inpu
t line 350.

[35]

LaTeX Warning: Reference `section:misc-bifs' on page 36 undefined on input line
 355.


LaTeX Warning: Reference `section:recognizer-bifs' on page 36 undefined on inpu
t line 389.


LaTeX Warning: Reference `section:binary-bifs' on page 36 undefined on input li
ne 394.


LaTeX Warning: Reference `section:messages' on page 36 undefined on input line 
401.


LaTeX Warning: Reference `section:splitbinary2' on page 36 undefined on input l
ine 410.


LaTeX Warning: Reference `section:process-bifs' on page 36 undefined on input l
ine 476.

[36]

LaTeX Warning: Reference `chapter:processes' on page 37 undefined on input line
 478.


LaTeX Warning: Reference `chapter:external-format' on page 37 undefined on inpu
t line 481.


LaTeX Warning: Reference `section:recognizer-bifs' on page 37 undefined on inpu
t line 511.


LaTeX Warning: Reference `section:process-bifs' on page 37 undefined on input l
ine 515.


LaTeX Warning: Reference `section:drivers' on page 37 undefined on input line 5
37.

[37]

LaTeX Warning: Reference `chapter:more-about-ports' on page 38 undefined on inp
ut line 557.


LaTeX Warning: Reference `chapter:external-format' on page 38 undefined on inpu
t line 560.


LaTeX Warning: Reference `section:recognizer-bifs' on page 38 undefined on inpu
t line 591.


LaTeX Warning: Reference `section:port-bifs' on page 38 undefined on input line
 595.


LaTeX Warning: Reference `section:tuple-skeletons' on page 38 undefined on inpu
t line 631.

[38]

LaTeX Warning: Reference `section:recognizer-bifs' on page 39 undefined on inpu
t line 660.


LaTeX Warning: Reference `section:tuple-bifs' on page 39 undefined on input lin
e 664.


LaTeX Warning: Reference `section:record-guards' on page 39 undefined on input 
line 678.


LaTeX Warning: Reference `section:record-declarations' on page 39 undefined on 
input line 683.


LaTeX Warning: Reference `section:record-exprs' on page 39 undefined on input l
ine 684.


LaTeX Warning: Reference `section:fun-exprs' on page 39 undefined on input line
 700.


LaTeX Warning: Reference `section:program-forms' on page 39 undefined on input 
line 701.


LaTeX Warning: Reference `section:process-bifs' on page 39 undefined on input l
ine 711.


LaTeX Warning: Reference `section:tuples' on page 39 undefined on input line 73
1.

[39]

LaTeX Warning: Reference `section:list-skeletons' on page 40 undefined on input
 line 752.


LaTeX Warning: Reference `section:recognizer-bifs' on page 40 undefined on inpu
t line 760.


LaTeX Warning: Reference `section:list-addition' on page 40 undefined on input 
line 770.


LaTeX Warning: Reference `section:list-subtraction' on page 40 undefined on inp
ut line 771.


LaTeX Warning: Reference `section:list-bifs' on page 40 undefined on input line
 773.


LaTeX Warning: Reference `section:chars' on page 40 undefined on input line 783
.


LaTeX Warning: Reference `section:string-literals' on page 40 undefined on inpu
t line 788.


LaTeX Warning: Reference `chapter:bifs' on page 40 undefined on input line 800.


[40]

LaTeX Warning: Reference `section:relationalops' on page 41 undefined on input 
line 838.


LaTeX Warning: Reference `section:exactequationalops' on page 41 undefined on i
nput line 840.


LaTeX Warning: Reference `section:coercingequationalops' on page 41 undefined o
n input line 842.


LaTeX Warning: Citation `lia-1' on page 41 undefined on input line 867.


LaTeX Warning: Reference `section:integer-type' on page 41 undefined on input l
ine 909.


LaTeX Warning: Reference `section:integer-type' on page 41 undefined on input l
ine 912.

[41] [42]

LaTeX Warning: Reference `chapter:external-format' on page 43 undefined on inpu
t line 1000.

[43]

LaTeX Warning: Reference `section:coercion' on page 44 undefined on input line 
1012.

[44] [45]

LaTeX Warning: Reference `section:scheduling' on page 46 undefined on input lin
e 1184.

) [46]
\openout2 = `es-arithmetics.aux'.

 (./es-arithmetics.tex
Chapter 5.

LaTeX Warning: Citation `lia-1' on page 47 undefined on input line 28.


LaTeX Warning: Citation `lia-2' on page 47 undefined on input line 72.

[47



] [48]

LaTeX Warning: Reference `section:integer-type' on page 49 undefined on input l
ine 287.

[49] [50] [51] [52] [53]
LaTeX Font Info:    Font shape `OT1/cmtt/bx/n' in size <10.95> not available
(Font)              Font shape `OT1/cmtt/m/n' tried instead on input line 607.


LaTeX Warning: Reference `section:float-operations' on page 54 undefined on inp
ut line 610.


LaTeX Warning: Reference `section:notation-arith' on page 54 undefined on input
 line 612.

[54]

LaTeX Warning: Reference `section:catch' on page 55 undefined on input line 824
.


LaTeX Warning: Reference `section:exit-signals' on page 55 undefined on input l
ine 832.

[55] [56] [57]

LaTeX Warning: Reference `section:numeral-to-integer' on page 58 undefined on i
nput line 974.

) [58]
\openout2 = `es-expressions-evaluation.aux'.

 (./es-expressions-evaluation.tex
Chapter 6.

LaTeX Warning: Reference `section:mappings' on page 59 undefined on input line 
62.


LaTeX Warning: Citation `iso-c' on page 59 undefined on input line 76.


LaTeX Warning: Citation `scheme-r5rs' on page 59 undefined on input line 76.


LaTeX Warning: Citation `milner+tofte+harper:revised-definition' on page 59 und
efined on input line 77.

[59



] [60]

LaTeX Warning: Reference `section:catch' on page 61 undefined on input line 256
.

[61]

LaTeX Warning: Reference `section:REB' on page 62 undefined on input line 357.

[62]

LaTeX Warning: Reference `section:atomic-literals' on page 63 undefined on inpu
t line 403.


LaTeX Warning: Reference `section:variables' on page 63 undefined on input line
 403.


LaTeX Warning: Reference `section:universal-pattern' on page 63 undefined on in
put line 403.

[63]

LaTeX Warning: Reference `section:record-declarations' on page 64 undefined on 
input line 458.

[64]

LaTeX Warning: Reference `section:REB' on page 65 undefined on input line 533.

[65] [66]

LaTeX Warning: Reference `section:application-exprs' on page 67 undefined on in
put line 603.


LaTeX Warning: Reference `section:process-bifs' on page 67 undefined on input l
ine 604.


LaTeX Warning: Reference `section:fun-exprs' on page 67 undefined on input line
 607.


LaTeX Warning: Reference `section:program-forms' on page 67 undefined on input 
line 608.


LaTeX Warning: Reference `section:node-state-dynamic' on page 67 undefined on i
nput line 632.


LaTeX Warning: Reference `section:exported-functions' on page 67 undefined on i
nput line 635.


LaTeX Warning: Reference `section:process-state-dynamic' on page 67 undefined o
n input line 641.


LaTeX Warning: Reference `section:node-state-dynamic' on page 67 undefined on i
nput line 642.

[67]

LaTeX Warning: Reference `item:explicit-mod-fun' on page 68 undefined on input 
line 682.


LaTeX Warning: Reference `section:fun-exprs' on page 68 undefined on input line
 708.


LaTeX Warning: Reference `item:function-application-impl-fun' on page 68 undefi
ned on input line 713.


LaTeX Warning: Reference `item:function-application-expl-fun' on page 68 undefi
ned on input line 714.


Overfull \hbox (19.9688pt too wide) in paragraph at lines 713--719
\OT1/cmr/m/n/10.95 eval-u-a-tion of the func-tion ap-pli-ca-tion ex-its with \O
T1/cmtt/m/n/10.95 {badarity,{\OT1/cmtt/m/sl/10.95 Mod\OT1/cmtt/m/n/10.95 ,\OT1/
cmtt/m/sl/10.95 Fun\OT1/cmtt/m/n/10.95 ,[$[][]$,...,
 []


LaTeX Warning: Reference `section:program-forms' on page 68 undefined on input 
line 723.


LaTeX Warning: Reference `section:fun-exprs' on page 68 undefined on input line
 724.


LaTeX Warning: Reference `section:process-state-dynamic' on page 68 undefined o
n input line 735.

LaTeX Font Info:    Font shape `OMS/cmr/m/n' in size <9> not available
(Font)              Font shape `OMS/cmsy/m/n' tried instead on input line 739.

LaTeX Warning: Reference `section:processinfo2' on page 68 undefined on input l
ine 739.

[68] [69]

LaTeX Warning: Reference `section:function-application' on page 70 undefined on
 input line 832.


LaTeX Warning: Reference `item:explicit-mod-fun' on page 70 undefined on input 
line 846.


LaTeX Warning: Reference `section:function-application' on page 70 undefined on
 input line 846.


LaTeX Warning: Reference `section:appl-named-function' on page 70 undefined on 
input line 851.

[70]

LaTeX Warning: Reference `section:if-expr' on page 71 undefined on input line 8
85.


LaTeX Warning: Reference `section:case-expr' on page 71 undefined on input line
 885.


LaTeX Warning: Reference `section:receive-expr' on page 71 undefined on input l
ine 888.


LaTeX Warning: Reference `section:code-generation' on page 71 undefined on inpu
t line 939.


LaTeX Warning: Reference `section:current-version' on page 71 undefined on inpu
t line 941.

[71]

LaTeX Warning: Reference `section:evorder' on page 72 undefined on input line 9
85.

LaTeX Font Info:    Font shape `OT1/cmtt/bx/n' in size <14.4> not available
(Font)              Font shape `OT1/cmtt/m/n' tried instead on input line 1002.

[72] [73]

LaTeX Warning: Reference `section:messages' on page 74 undefined on input line 
1147.


LaTeX Warning: Reference `section:send-port' on page 74 undefined on input line
 1147.


LaTeX Warning: Reference `section:process-registry' on page 74 undefined on inp
ut line 1154.

[74]

LaTeX Warning: Reference `section:messages' on page 75 undefined on input line 
1167.

[75]
LaTeX Font Info:    Font shape `OT1/cmtt/bx/n' in size <12> not available
(Font)              Font shape `OT1/cmtt/m/n' tried instead on input line 1237.



LaTeX Warning: Reference `section:term-order' on page 76 undefined on input lin
e 1243.


LaTeX Warning: Reference `section:equality' on page 76 undefined on input line 
1244.

[76] [77] [78]

LaTeX Warning: Reference `section:coercion' on page 79 undefined on input line 
1462.


Overfull \hbox (6.20662pt too wide) in paragraph at lines 1461--1467
[]\OT1/cmr/m/n/10.95 Otherwise, the terms $[][]$ and $[][]$ are co-erced to flo
ats (\OMS/cmsy/m/n/10.95 x[]\OT1/cmr/m/n/10.95 ); let $([][]\OML/cmm/m/it/10.95
 ; [][]\OT1/cmr/m/n/10.95 ) =
 []


Overfull \hbox (49.89915pt too wide) in paragraph at lines 1461--1467
[]\OT1/cmr/m/n/10.95 ([][]\OML/cmm/m/it/10.95 ; [][]\OT1/cmr/m/n/10.95 )$. Next
 $[][](\OMS/cmsy/m/n/10.95 <[]\OT1/cmr/m/n/10.95 [[][]]\OML/cmm/m/it/10.95 ; \O
MS/cmsy/m/n/10.95 <[]\OT1/cmr/m/n/10.95 [[][]])$ (if \OT1/cmtt/m/sl/10.95 O \OT
1/cmr/m/n/10.95 is \OT1/cmtt/m/n/10.95 +\OT1/cmr/m/n/10.95 ) or $[][](\OMS/cmsy
/m/n/10.95 <[]\OT1/cmr/m/n/10.95 [[][]]\OML/cmm/m/it/10.95 ; \OMS/cmsy/m/n/10.9
5 <[]\OT1/cmr/m/n/10.95 [[][]])$
 []


LaTeX Warning: Reference `section:integer-type' on page 79 undefined on input l
ine 1534.

[79] [80]

LaTeX Warning: Reference `section:coercion' on page 81 undefined on input line 
1661.


Overfull \hbox (6.20662pt too wide) in paragraph at lines 1660--1665
[]\OT1/cmr/m/n/10.95 Otherwise, the terms $[][]$ and $[][]$ are co-erced to flo
ats (\OMS/cmsy/m/n/10.95 x[]\OT1/cmr/m/n/10.95 ); let $([][]\OML/cmm/m/it/10.95
 ; [][]\OT1/cmr/m/n/10.95 ) =
 []


LaTeX Warning: Reference `section:coercion' on page 81 undefined on input line 
1680.

[81] [82] [83]

LaTeX Warning: Reference `section:record-declarations' on page 84 undefined on 
input line 1925.

[84]

LaTeX Warning: Reference `section:pattern-matching' on page 85 undefined on inp
ut line 1971.

[85] [86] [87]

LaTeX Warning: Reference `section:process-bifs' on page 88 undefined on input l
ine 2199.


LaTeX Warning: Reference `item:function-application-atom' on page 88 undefined 
on input line 2225.


LaTeX Warning: Reference `section:function-application' on page 88 undefined on
 input line 2226.


LaTeX Warning: Reference `item:explicit-mod-fun' on page 88 undefined on input 
line 2237.


LaTeX Warning: Reference `section:function-application' on page 88 undefined on
 input line 2238.


LaTeX Warning: Reference `section:fun-exprs' on page 88 undefined on input line
 2248.


LaTeX Warning: Reference `item:function-application-impl-fun' on page 88 undefi
ned on input line 2250.


LaTeX Warning: Reference `section:function-application' on page 88 undefined on
 input line 2251.

[88]

LaTeX Warning: Reference `section:fun-exprs' on page 89 undefined on input line
 2254.


LaTeX Warning: Reference `item:function-application-expl-fun' on page 89 undefi
ned on input line 2256.


LaTeX Warning: Reference `section:function-application' on page 89 undefined on
 input line 2257.


LaTeX Warning: Reference `section:REB' on page 89 undefined on input line 2322.


[89]

LaTeX Warning: Reference `section:variables' on page 90 undefined on input line
 2327.


LaTeX Warning: Reference `section:environments' on page 90 undefined on input l
ine 2334.


LaTeX Warning: Reference `section:REB' on page 90 undefined on input line 2335.



LaTeX Warning: Reference `section:scope' on page 90 undefined on input line 233
5.


LaTeX Warning: Reference `section:atoms' on page 90 undefined on input line 237
3.


LaTeX Warning: Reference `section:integers' on page 90 undefined on input line 
2374.


LaTeX Warning: Reference `section:floats' on page 90 undefined on input line 23
75.

[90]

LaTeX Warning: Reference `section:chars' on page 91 undefined on input line 237
6.


LaTeX Warning: Reference `section:strings' on page 91 undefined on input line 2
377.


LaTeX Warning: Reference `section:listtotuple1' on page 91 undefined on input l
ine 2421.

[91]

LaTeX Warning: Citation `milner+tofte+harper:revised-definition' on page 92 und
efined on input line 2503.

[92] [93] [94]

LaTeX Warning: Reference `section:bodies' on page 95 undefined on input line 26
93.

[95]

LaTeX Warning: Reference `section:guards' on page 96 undefined on input line 28
31.


LaTeX Warning: Reference `section:guards' on page 96 undefined on input line 28
49.

[96]

LaTeX Warning: Reference `section:case-expr' on page 97 undefined on input line
 2872.

[97]

LaTeX Warning: Reference `section:if-expr' on page 98 undefined on input line 2
997.


LaTeX Warning: Reference `section:case-expr' on page 98 undefined on input line
 3069.

[98]

LaTeX Warning: Reference `section:case-expr' on page 99 undefined on input line
 3082.


LaTeX Warning: Reference `section:if-expr' on page 99 undefined on input line 3
082.

[99] [100]

LaTeX Warning: Reference `case:zero-waiting' on page 101 undefined on input lin
e 3242.

[101]

LaTeX Warning: Reference `section:function-application' on page 102 undefined o
n input line 3436.


LaTeX Warning: Reference `section:function-application' on page 102 undefined o
n input line 3452.

[102]

LaTeX Warning: Citation `otp-mnesia' on page 103 undefined on input line 3470.

[103]
Underfull \vbox (badness 2065) has occurred while \output is active []

 [104]

LaTeX Warning: Reference `section:recognizer-bifs' on page 105 undefined on inp
ut line 3626.


LaTeX Warning: Reference `section:relational' on page 105 undefined on input li
ne 3636.

[105] [106]

LaTeX Warning: Reference `chapter:bifs' on page 107 undefined on input line 372
5.

) [107]
\openout2 = `es-preprocessing.aux'.

 (./es-preprocessing.tex [108



]
Chapter 7.

LaTeX Warning: Reference `chapter:lexical' on page 109 undefined on input line 
28.


LaTeX Warning: Reference `section:tokenseq' on page 109 undefined on input line
 34.


LaTeX Warning: Reference `section:preprocessing' on page 109 undefined on input
 line 35.


LaTeX Warning: Reference `section:parsing' on page 109 undefined on input line 
39.


LaTeX Warning: Reference `chapter:programs-modules' on page 109 undefined on in
put line 41.


LaTeX Warning: Reference `chapter:parse-trees' on page 109 undefined on input l
ine 44.


LaTeX Warning: Reference `section:parse-transform' on page 109 undefined on inp
ut line 45.


LaTeX Warning: Reference `section:code-generation' on page 109 undefined on inp
ut line 50.


LaTeX Warning: Reference `chapter:module-dynamics' on page 109 undefined on inp
ut line 52.


LaTeX Warning: Reference `section:loading' on page 109 undefined on input line 
55.


LaTeX Warning: Reference `section:tokenseq' on page 109 undefined on input line
 66.


LaTeX Warning: Reference `section:condcomp' on page 109 undefined on input line
 73.

[109]

LaTeX Warning: Reference `section:macrodef' on page 110 undefined on input line
 90.


LaTeX Warning: Reference `section:macroundef' on page 110 undefined on input li
ne 90.


LaTeX Warning: Reference `section:include' on page 110 undefined on input line 
90.


LaTeX Warning: Reference `section:include' on page 110 undefined on input line 
90.


LaTeX Warning: Reference `section:condcomp' on page 110 undefined on input line
 90.


LaTeX Warning: Reference `section:condcomp' on page 110 undefined on input line
 90.


LaTeX Warning: Reference `section:condcomp' on page 110 undefined on input line
 90.


LaTeX Warning: Reference `section:condcomp' on page 110 undefined on input line
 90.


LaTeX Warning: Reference `section:condcomp' on page 110 undefined on input line
 108.


Overfull \hbox (16.53555pt too wide) in paragraph at lines 94--113
\OT1/cmr/m/n/10.95 the set of macro def-i-ni-tions, [][] [][] the di-rec-tives 
\OT1/cmtt/m/n/10.95 -include(\OT1/cmtt/m/sl/10.95 F\OT1/cmtt/m/n/10.95 ) \OT1/c
mr/m/n/10.95 and \OT1/cmtt/m/n/10.95 -include_lib(\OT1/cmtt/m/sl/10.95 F\OT1/cm
tt/m/n/10.95 )
 []


LaTeX Warning: Reference `section:macroexp' on page 110 undefined on input line
 116.


LaTeX Warning: Reference `section:macrodef' on page 110 undefined on input line
 126.


LaTeX Warning: Reference `section:macroundef' on page 110 undefined on input li
ne 127.


LaTeX Warning: Reference `section:preprocessing' on page 110 undefined on input
 line 131.


LaTeX Warning: Reference `section:macroexp' on page 110 undefined on input line
 132.


LaTeX Warning: Reference `section:initial-macros' on page 110 undefined on inpu
t line 134.


Overfull \hbox (8.2242pt too wide) in paragraph at lines 147--148
[][] 
 []

[110]

LaTeX Warning: Reference `section:macroexp' on page 111 undefined on input line
 190.

[111] [112] [113] [114]

LaTeX Warning: Citation `otp-dev-ref' on page 115 undefined on input line 417.


LaTeX Warning: Citation `otp-dev-ref' on page 115 undefined on input line 423.


LaTeX Warning: Reference `chapter:lexical' on page 115 undefined on input line 
430.


LaTeX Warning: Reference `section:initial-macros' on page 115 undefined on inpu
t line 436.

[115]

LaTeX Warning: Reference `section:include' on page 116 undefined on input line 
479.

[116]

LaTeX Warning: Reference `section:preprocessing' on page 117 undefined on input
 line 538.


LaTeX Warning: Reference `section:module-declarations' on page 117 undefined on
 input line 561.


LaTeX Warning: Reference `chapter:parse-trees' on page 117 undefined on input l
ine 565.


LaTeX Warning: Reference `chapter:parse-trees' on page 117 undefined on input l
ine 587.


LaTeX Warning: Reference `section:code-generation' on page 117 undefined on inp
ut line 598.

[117]

LaTeX Warning: Reference `chapter:parse-trees' on page 118 undefined on input l
ine 610.


LaTeX Warning: Reference `section:loading' on page 118 undefined on input line 
614.

) [118]
\openout2 = `es-programs-modules.aux'.

 (./es-programs-modules.tex
Chapter 8.

LaTeX Warning: Citation `otp-dev-ref' on page 119 undefined on input line 39.


LaTeX Warning: Reference `section:file-attrib' on page 119 undefined on input l
ine 49.


Overfull \hbox (17.16562pt too wide) in paragraph at lines 72--73
[][] 
 []

[119



]

LaTeX Warning: Reference `section:header-forms' on page 120 undefined on input 
line 90.


LaTeX Warning: Reference `section:macros' on page 120 undefined on input line 1
46.

[120]

LaTeX Warning: Reference `section:function-application' on page 121 undefined o
n input line 193.


LaTeX Warning: Reference `section:export' on page 121 undefined on input line 2
14.


LaTeX Warning: Reference `section:application-exprs' on page 121 undefined on i
nput line 227.

[121] [122]

LaTeX Warning: Reference `section:moduleinfo1' on page 123 undefined on input l
ine 350.


LaTeX Warning: Reference `section:fun-exprs' on page 123 undefined on input lin
e 389.

[123]

LaTeX Warning: Reference `section:application-exprs' on page 124 undefined on i
nput line 417.


LaTeX Warning: Reference `section:pattern-matching' on page 124 undefined on in
put line 442.


LaTeX Warning: Reference `section:record-exprs' on page 124 undefined on input 
line 444.

[124]

LaTeX Warning: Reference `section:record-creation' on page 125 undefined on inp
ut line 469.


LaTeX Warning: Reference `section:assocationlists' on page 125 undefined on inp
ut line 510.

[125]

LaTeX Warning: Reference `section:date0' on page 126 undefined on input line 55
5.


LaTeX Warning: Reference `section:time0' on page 126 undefined on input line 55
7.


LaTeX Warning: Reference `section:compile-attrib' on page 126 undefined on inpu
t line 562.


LaTeX Warning: Reference `section:moduleinfo0' on page 126 undefined on input l
ine 572.

) [126]
\openout2 = `es-code-maintenance.aux'.

 (./es-code-maintenance.tex
Chapter 9.

LaTeX Warning: Citation `otp-dev-ref' on page 127 undefined on input line 33.


LaTeX Warning: Reference `section:exported-functions' on page 127 undefined on 
input line 52.


LaTeX Warning: Reference `section:lco' on page 127 undefined on input line 64.


LaTeX Warning: Reference `section:code-generation' on page 127 undefined on inp
ut line 81.


LaTeX Warning: Reference `chapter:programs-modules' on page 127 undefined on in
put line 82.


LaTeX Warning: Reference `chapter:compilation' on page 127 undefined on input l
ine 83.


Underfull \vbox (badness 6792) has occurred while \output is active []

 [127



]

LaTeX Warning: Reference `section:exported-functions' on page 128 undefined on 
input line 87.


LaTeX Warning: Reference `section:loaded-modules' on page 128 undefined on inpu
t line 89.


LaTeX Warning: Reference `section:making-current-version' on page 128 undefined
 on input line 94.


LaTeX Warning: Reference `section:making-old-version' on page 128 undefined on 
input line 95.


LaTeX Warning: Reference `section:purging-old-version' on page 128 undefined on
 input line 103.


LaTeX Warning: Reference `section:function-use' on page 128 undefined on input 
line 108.


LaTeX Warning: Reference `section:checking-process-module' on page 128 undefine
d on input line 109.


LaTeX Warning: Reference `section:making-old-version' on page 128 undefined on 
input line 118.


LaTeX Warning: Reference `section:making-current-version' on page 128 undefined
 on input line 120.


LaTeX Warning: Reference `section:purging-old-version' on page 128 undefined on
 input line 123.


LaTeX Warning: Reference `section:checking-process-module' on page 128 undefine
d on input line 131.

[128]

LaTeX Warning: Reference `section:making-current-version' on page 129 undefined
 on input line 147.


LaTeX Warning: Reference `section:making-old-version' on page 129 undefined on 
input line 147.


LaTeX Warning: Reference `section:moduleloaded1' on page 129 undefined on input
 line 157.


LaTeX Warning: Reference `section:node-state-dynamic' on page 129 undefined on 
input line 179.


LaTeX Warning: Reference `section:making-current-version' on page 129 undefined
 on input line 186.


LaTeX Warning: Reference `section:making-old-version' on page 129 undefined on 
input line 186.


LaTeX Warning: Reference `section:appl-named-function' on page 129 undefined on
 input line 191.

[129]

LaTeX Warning: Reference `section:memory-management' on page 130 undefined on i
nput line 256.


LaTeX Warning: Reference `section:checkprocesscode2' on page 130 undefined on i
nput line 271.


LaTeX Warning: Reference `section:processes0' on page 130 undefined on input li
ne 280.

) [130]
\openout2 = `es-processes.aux'.

 (./es-processes.tex
Chapter 10.

LaTeX Warning: Reference `section:self0' on page 131 undefined on input line 42
.


LaTeX Warning: Reference `section:process-bifs' on page 131 undefined on input 
line 58.


LaTeX Warning: Reference `chapter:nodes' on page 131 undefined on input line 81
.


LaTeX Warning: Reference `section:links' on page 131 undefined on input line 84
.

[131



]

LaTeX Warning: Reference `section:exit-signals' on page 132 undefined on input 
line 99.


LaTeX Warning: Reference `section:send-expr' on page 132 undefined on input lin
e 103.


LaTeX Warning: Reference `section:receive-expr' on page 132 undefined on input 
line 110.


LaTeX Warning: Reference `section:messages' on page 132 undefined on input line
 113.


LaTeX Warning: Reference `section:process-registry' on page 132 undefined on in
put line 130.


LaTeX Warning: Reference `section:process-registry-bifs' on page 132 undefined 
on input line 132.


LaTeX Warning: Reference `section:exit-signals' on page 132 undefined on input 
line 145.


LaTeX Warning: Reference `section:messages' on page 132 undefined on input line
 148.

[132]

LaTeX Warning: Reference `section:exit-signals' on page 133 undefined on input 
line 187.


LaTeX Warning: Reference `section:link1' on page 133 undefined on input line 18
9.


LaTeX Warning: Reference `section:signal-arrival' on page 133 undefined on inpu
t line 190.


LaTeX Warning: Reference `section:unlink1' on page 133 undefined on input line 
199.


LaTeX Warning: Reference `section:signal-arrival' on page 133 undefined on inpu
t line 200.


LaTeX Warning: Reference `section:port-linking' on page 133 undefined on input 
line 207.


Overfull \hbox (10.4147pt too wide) in paragraph at lines 227--229
[]\OT1/cmr/m/n/10.95 The eval-u-a-tion of the toplevel ap-pli-ca-tion of a pro-
cess com-pletes abruptly
 []


Overfull \hbox (10.4147pt too wide) in paragraph at lines 229--231
[]\OT1/cmr/m/n/10.95 The eval-u-a-tion of the toplevel ap-pli-ca-tion of a pro-
cess com-pletes abruptly
 []


LaTeX Warning: Reference `section:receiving-exit-signal' on page 133 undefined 
on input line 232.


LaTeX Warning: Reference `section:signal-arrival' on page 133 undefined on inpu
t line 233.


LaTeX Warning: Reference `section:exit1' on page 133 undefined on input line 23
7.

[133]

LaTeX Warning: Reference `section:throw1' on page 134 undefined on input line 2
49.


LaTeX Warning: Reference `chapter:nodes' on page 134 undefined on input line 27
3.


LaTeX Warning: Reference `section:exit2' on page 134 undefined on input line 29
1.


LaTeX Warning: Reference `section:signal-arrival' on page 134 undefined on inpu
t line 299.


LaTeX Warning: Reference `section:exit2' on page 134 undefined on input line 30
9.


LaTeX Warning: Reference `section:signal-arrival' on page 134 undefined on inpu
t line 334.

[134]

LaTeX Warning: Reference `section:signal-arrival' on page 135 undefined on inpu
t line 338.


LaTeX Warning: Reference `section:send-expr' on page 135 undefined on input lin
e 368.


LaTeX Warning: Reference `section:process-names' on page 135 undefined on input
 line 371.


LaTeX Warning: Reference `section:send-expr' on page 135 undefined on input lin
e 376.


LaTeX Warning: Reference `section:receive-expr' on page 135 undefined on input 
line 397.


LaTeX Warning: Reference `section:signal-arrival' on page 135 undefined on inpu
t line 399.


LaTeX Warning: Reference `section:receive-expr' on page 135 undefined on input 
line 409.

[135]

LaTeX Warning: Reference `section:receive-expr' on page 136 undefined on input 
line 437.


LaTeX Warning: Reference `section:signal-order' on page 136 undefined on input 
line 443.

[136]

LaTeX Warning: Reference `section:links' on page 137 undefined on input line 48
9.


LaTeX Warning: Reference `section:links' on page 137 undefined on input line 49
0.


LaTeX Warning: Reference `section:group-leader' on page 137 undefined on input 
line 492.


LaTeX Warning: Reference `section:processinfo2' on page 137 undefined on input 
line 493.


LaTeX Warning: Reference `section:send-expr' on page 137 undefined on input lin
e 522.


LaTeX Warning: Reference `section:exit-signals' on page 137 undefined on input 
line 523.


LaTeX Warning: Reference `section:links' on page 137 undefined on input line 52
3.


LaTeX Warning: Reference `section:groupleader2' on page 137 undefined on input 
line 524.


LaTeX Warning: Reference `section:processinfo2' on page 137 undefined on input 
line 525.

[137]

LaTeX Warning: Reference `section:signal-arrival' on page 138 undefined on inpu
t line 539.


LaTeX Warning: Reference `section:message-arrival' on page 138 undefined on inp
ut line 578.


Overfull \hbox (19.05325pt too wide) in paragraph at lines 586--590
[]\OT1/cmr/m/n/10.95 If \OT1/cmtt/m/sl/10.95 ProcessCompleted \OT1/cmr/m/n/10.9
5 is \OT1/cmtt/m/n/10.95 true\OT1/cmr/m/n/10.95 , $[][]$ is in \OT1/cmtt/m/n/10
.95 linked[\OT1/cmtt/m/sl/10.95 P\OT1/cmtt/m/n/10.95 ]\OT1/cmr/m/n/10.95 , \OT1
/cmtt/m/n/10.95 trap_exit[\OT1/cmtt/m/sl/10.95 P\OT1/cmtt/m/n/10.95 ]
 []


Overfull \hbox (0.48253pt too wide) in paragraph at lines 590--594
[]\OT1/cmr/m/n/10.95 Otherwise, if \OT1/cmtt/m/sl/10.95 ProcessCompleted \OT1/c
mr/m/n/10.95 is \OT1/cmtt/m/n/10.95 false \OT1/cmr/m/n/10.95 and \OT1/cmtt/m/sl
/10.95 Cause \OT1/cmr/m/n/10.95 is \OT1/cmtt/m/n/10.95 kill[]\OT1/cmr/m/n/10.95
 ,
 []

[138]

LaTeX Warning: Reference `section:process-completion' on page 139 undefined on 
input line 627.


LaTeX Warning: Reference `section:message-arrival' on page 139 undefined on inp
ut line 631.


Overfull \hbox (30.26755pt too wide) in paragraph at lines 628--632
\OT1/cmr/m/n/10.95 sage \OT1/cmtt/m/n/10.95 {'EXIT',$[][]$,\OT1/cmtt/m/sl/10.95
 Cause\OT1/cmtt/m/n/10.95 } \OT1/cmr/m/n/10.95 is placed at the end of \OT1/cmt
t/m/n/10.95 message_queue[\OT1/cmtt/m/sl/10.95 P\OT1/cmtt/m/n/10.95 ]
 []


Overfull \hbox (1.58844pt too wide) in paragraph at lines 646--649
[]\OT1/cmr/m/it/10.95 Group leader re-quest \OT1/cmr/m/n/10.95 with new group l
eader $[][]$. \OT1/cmtt/m/n/10.95 group_leader[\OT1/cmtt/m/sl/10.95 P\OT1/cmtt/
m/n/10.95 ]
 []


LaTeX Warning: Reference `section:receive-expr' on page 139 undefined on input 
line 666.


LaTeX Warning: Reference `section:process-state-dynamic' on page 139 undefined 
on input line 677.

[139]

LaTeX Warning: Reference `section:groupleader0' on page 140 undefined on input 
line 768.


LaTeX Warning: Reference `section:groupleader2' on page 140 undefined on input 
line 771.


Overfull \hbox (12.53746pt too wide) in paragraph at lines 766--774
[]\OT1/cmr/m/n/10.95 A pro-cess can re-trieve its own group leader (us-ing the 
BIF \OT1/cmtt/m/n/10.95 group_leader/0[]\OT1/cmr/m/n/10.95 ,
 []


LaTeX Warning: Reference `chapter:more-about-ports' on page 140 undefined on in
put line 776.

[140]

LaTeX Font Warning: Font shape `OT1/cmtt/bx/sl' undefined
(Font)              using `OT1/cmtt/bx/n' instead on input line 798.

LaTeX Font Info:    Font shape `OT1/cmtt/bx/sl' in size <10.95> not available
(Font)              Font shape `OT1/cmtt/m/n' tried instead on input line 798.

LaTeX Warning: Reference `chapter:external-format' on page 141 undefined on inp
ut line 809.


Overfull \hbox (39.26184pt too wide) in paragraph at lines 814--819
\OT1/cmtt/m/sl/10.95 Mod\OT1/cmtt/m/n/10.95 :\OT1/cmtt/m/sl/10.95 Fun\OT1/cmtt/
m/n/10.95 ($[][]$,...,$[][]$) \OT1/cmr/m/n/10.95 (the ini-tial call). The value
 of \OT1/cmtt/m/n/10.95 initial_call[\OT1/cmtt/m/sl/10.95 P\OT1/cmtt/m/n/10.95 
]
 []


LaTeX Warning: Reference `section:node0' on page 141 undefined on input line 82
4.


LaTeX Warning: Reference `section:node1' on page 141 undefined on input line 82
6.


LaTeX Warning: Reference `section:extent-function-calls' on page 141 undefined 
on input line 840.


LaTeX Warning: Reference `section:appl-named-function' on page 141 undefined on
 input line 841.


LaTeX Warning: Reference `section:processinfo2' on page 141 undefined on input 
line 843.


LaTeX Warning: Reference `section:tables' on page 141 undefined on input line 8
52.


LaTeX Warning: Reference `section:dictionary-bifs' on page 141 undefined on inp
ut line 855.


Overfull \hbox (34.89838pt too wide) in paragraph at lines 852--860
[]\OT1/cmr/m/n/10.95 The value is a ta-ble (\OMS/cmsy/m/n/10.95 x[]\OT1/cmr/m/n
/10.95 ). A pro-cess can ac-cess and mod-ify \OT1/cmtt/m/n/10.95 dictionary[\OT
1/cmtt/m/sl/10.95 P\OT1/cmtt/m/n/10.95 ]
 []


LaTeX Warning: Reference `section:application-exprs' on page 141 undefined on i
nput line 864.


LaTeX Warning: Reference `section:processflag2' on page 141 undefined on input 
line 869.

[141]

LaTeX Warning: Reference `section:group-leader' on page 142 undefined on input 
line 877.


LaTeX Warning: Reference `section:groupleader0' on page 142 undefined on input 
line 879.


LaTeX Warning: Reference `section:groupleader2' on page 142 undefined on input 
line 882.


Overfull \hbox (21.64484pt too wide) in paragraph at lines 876--888
\OT1/cmr/m/n/10.95 can also ac-cess \OT1/cmtt/m/n/10.95 group_leader[\OT1/cmtt/
m/sl/10.95 P\OT1/cmtt/m/n/10.95 ] \OT1/cmr/m/n/10.95 as \OT1/cmtt/m/n/10.95 pro
cess_info(\OT1/cmtt/m/sl/10.95 P\OT1/cmtt/m/n/10.95 ,group_leader)\OT1/cmr/m/n/
10.95 .)
 []


LaTeX Warning: Reference `section:processinfo2' on page 142 undefined on input 
line 894.


LaTeX Warning: Reference `section:links' on page 142 undefined on input line 90
2.


LaTeX Warning: Reference `section:link1' on page 142 undefined on input line 90
8.


LaTeX Warning: Reference `section:unlink1' on page 142 undefined on input line 
914.


LaTeX Warning: Reference `section:exit-signals' on page 142 undefined on input 
line 919.


LaTeX Warning: Reference `section:processinfo2' on page 142 undefined on input 
line 929.


LaTeX Warning: Reference `section:message-arrival' on page 142 undefined on inp
ut line 937.


LaTeX Warning: Reference `section:receiving-messages' on page 142 undefined on 
input line 938.


LaTeX Warning: Reference `section:receive-expr' on page 142 undefined on input 
line 941.

[142]

LaTeX Warning: Reference `section:scheduling' on page 143 undefined on input li
ne 977.


LaTeX Warning: Reference `section:processflag2' on page 143 undefined on input 
line 980.


LaTeX Warning: Reference `section:extent-function-calls' on page 143 undefined 
on input line 991.


LaTeX Warning: Reference `section:scheduling' on page 143 undefined on input li
ne 998.


LaTeX Warning: Reference `section:processinfo2' on page 143 undefined on input 
line 1002.


Overfull \hbox (20.08333pt too wide) in paragraph at lines 990--1004
\OT1/cmr/m/sc/10.95 lang \OT1/cmr/m/n/10.95 4.7.3 de-fines a schedul-ing cy-cle
 (\OMS/cmsy/m/n/10.95 x[]\OT1/cmr/m/n/10.95 ) as a cer-tain (implementation-
 []


LaTeX Warning: Reference `section:register2' on page 143 undefined on input lin
e 1012.


LaTeX Warning: Reference `section:unregister1' on page 143 undefined on input l
ine 1014.


LaTeX Warning: Reference `section:whereis1' on page 143 undefined on input line
 1017.


LaTeX Warning: Reference `section:process-registry' on page 143 undefined on in
put line 1018.


LaTeX Warning: Reference `section:processinfo2' on page 143 undefined on input 
line 1021.


LaTeX Warning: Reference `section:receive-expr' on page 143 undefined on input 
line 1051.


Overfull \hbox (2.03627pt too wide) in paragraph at lines 1043--1060
\OT1/cmr/m/n/10.95 may set \OT1/cmtt/m/n/10.95 status[\OT1/cmtt/m/sl/10.95 P\OT
1/cmtt/m/n/10.95 ] \OT1/cmr/m/n/10.95 to \OT1/cmtt/m/n/10.95 waiting\OT1/cmr/m/
n/10.95 . \OT1/cmtt/m/n/10.95 status[\OT1/cmtt/m/sl/10.95 P\OT1/cmtt/m/n/10.95 
] \OT1/cmr/m/n/10.95 can be ac-cessed through
 []

[143]

LaTeX Warning: Reference `section:receive-expr' on page 144 undefined on input 
line 1073.


LaTeX Warning: Reference `section:exit-signals' on page 144 undefined on input 
line 1080.


LaTeX Warning: Reference `section:processflag2' on page 144 undefined on input 
line 1083.


LaTeX Warning: Reference `section:processinfo2' on page 144 undefined on input 
line 1086.


Overfull \hbox (53.60393pt too wide) in paragraph at lines 1079--1089
\OT1/cmr/m/n/10.95 to a Boolean atom \OT1/cmtt/m/sl/10.95 B \OT1/cmr/m/n/10.95 
by eval-u-at-ing an ex-pres-sion \OT1/cmtt/m/n/10.95 process_flag(trap_exit,\OT
1/cmtt/m/sl/10.95 B\OT1/cmtt/m/n/10.95 )
 []

) [144]
\openout2 = `es-nodes.aux'.

 (./es-nodes.tex
Chapter 11.

LaTeX Warning: Reference `chapter:external-format' on page 145 undefined on inp
ut line 41.


LaTeX Warning: Reference `section:registering-nodes' on page 145 undefined on i
nput line 59.


LaTeX Warning: Reference `section:setnode2' on page 145 undefined on input line
 69.


LaTeX Warning: Citation `otp-dev-ref' on page 145 undefined on input line 74.

[145



]

LaTeX Warning: Reference `section:magic-cookie' on page 146 undefined on input 
line 104.


LaTeX Warning: Reference `section:disconnectnode1' on page 146 undefined on inp
ut line 122.


LaTeX Warning: Reference `section:friendship' on page 146 undefined on input li
ne 126.


LaTeX Warning: Reference `section:friendship' on page 146 undefined on input li
ne 143.


LaTeX Warning: Reference `section:epmd-register' on page 146 undefined on input
 line 153.


LaTeX Warning: Reference `section:atom-tables' on page 146 undefined on input l
ine 170.

[146]

LaTeX Warning: Reference `section:disconnectnode1' on page 147 undefined on inp
ut line 179.


LaTeX Warning: Reference `section:monitor-node' on page 147 undefined on input 
line 196.


LaTeX Warning: Reference `section:epmd-find' on page 147 undefined on input lin
e 205.


LaTeX Warning: Reference `chapter:external-format' on page 147 undefined on inp
ut line 208.


Overfull \hbox (12.59074pt too wide) in paragraph at lines 201--211
[]\OT1/cmr/m/n/10.95 When a node $[][]$ wishes to ini-ti-ate friend-ship with a
 node $[][]$ the \OT1/cmtt/m/n/10.95 net_kernel
 []


LaTeX Warning: Reference `section:signals' on page 147 undefined on input line 
225.


LaTeX Warning: Reference `section:getcookie0' on page 147 undefined on input li
ne 232.


LaTeX Warning: Reference `section:setcookie2' on page 147 undefined on input li
ne 239.

[147]

LaTeX Warning: Reference `section:setcookie2' on page 148 undefined on input li
ne 251.


Overfull \hbox (5.19223pt too wide) in paragraph at lines 262--264
[]\OT1/cmr/m/n/10.95 The sig-nal \OT1/cmtt/m/sl/10.95 S\OT1/cmr/m/n/10.95 , sou
rce $[][]$ and des-ti-na-tion $[][]$ are passed to the \OT1/cmtt/m/n/10.95 net_
kernel
 []


Overfull \hbox (22.05724pt too wide) in paragraph at lines 268--275
[]\OT1/cmr/m/n/10.95 The \OT1/cmtt/m/n/10.95 net_kernel \OT1/cmr/m/n/10.95 pro-
cess on $[][]$ looks up the atom $[][]$ in \OT1/cmtt/m/n/10.95 magic_cookies[$[
][]$][]
 []


LaTeX Warning: Reference `chapter:external-format' on page 148 undefined on inp
ut line 278.


Overfull \hbox (6.54373pt too wide) in paragraph at lines 275--279
[]\OT1/cmr/m/n/10.95 The \OT1/cmtt/m/n/10.95 net_kernel \OT1/cmr/m/n/10.95 pro-
cess on $[][]$ passes $[][]$, \OT1/cmtt/m/sl/10.95 C\OT1/cmr/m/n/10.95 , \OT1/c
mtt/m/sl/10.95 S \OT1/cmr/m/n/10.95 and $[][]$ to the \OT1/cmtt/m/n/10.95 net_k
ernel
 []


LaTeX Warning: Reference `section:equality' on page 148 undefined on input line
 283.


LaTeX Warning: Reference `section:signal-arrival' on page 148 undefined on inpu
t line 284.


LaTeX Warning: Reference `section:signal-arrival' on page 148 undefined on inpu
t line 301.


LaTeX Warning: Reference `section:signal-arrival' on page 148 undefined on inpu
t line 317.

[148]

LaTeX Warning: Reference `section:register2' on page 149 undefined on input lin
e 347.


LaTeX Warning: Reference `section:unregister1' on page 149 undefined on input l
ine 354.


LaTeX Warning: Reference `section:whereis1' on page 149 undefined on input line
 358.


LaTeX Warning: Reference `section:registered0' on page 149 undefined on input l
ine 362.


LaTeX Warning: Reference `section:monitornode2' on page 149 undefined on input 
line 385.


Overfull \hbox (15.40623pt too wide) in paragraph at lines 384--415
[]\OT1/cmr/m/n/10.95 After a pro-cess \OT1/cmtt/m/sl/10.95 P \OT1/cmr/m/n/10.95
 on a node $[][]$ has made a BIF call \OT1/cmtt/m/n/10.95 monitor_node($[][]$,t
rue)
 []


Overfull \hbox (12.50038pt too wide) in paragraph at lines 384--415
\OT1/cmtt/m/n/10.95 monitor_node($[][]$,false) \OT1/cmr/m/n/10.95 can-cels the 
ef-fect of a call \OT1/cmtt/m/n/10.95 monitor_node($[][]$,true)\OT1/cmr/m/n/10.
95 .
 []

[149]

LaTeX Warning: Reference `section:isalive0' on page 150 undefined on input line
 455.


LaTeX Warning: Reference `section:node0' on page 150 undefined on input line 47
2.


LaTeX Warning: Reference `section:preloaded0' on page 150 undefined on input li
ne 486.


LaTeX Warning: Reference `section:atom-tables' on page 150 undefined on input l
ine 502.

[150]

LaTeX Warning: Reference `section:appl-named-function' on page 151 undefined on
 input line 527.


LaTeX Warning: Reference `chapter:module-dynamics' on page 151 undefined on inp
ut line 529.


LaTeX Warning: Reference `section:module-bifs' on page 151 undefined on input l
ine 530.


LaTeX Warning: Reference `section:friendship' on page 151 undefined on input li
ne 538.


LaTeX Warning: Reference `section:nodes0' on page 151 undefined on input line 5
41.


LaTeX Warning: Reference `section:disconnectnode1' on page 151 undefined on inp
ut line 550.


Overfull \hbox (66.23695pt too wide) in paragraph at lines 560--575
\OT1/cmr/m/n/10.95 tion \OT1/cmtt/m/n/10.95 current_gc[\OT1/cmtt/m/sl/10.95 N\O
T1/cmtt/m/n/10.95 ]\OT1/cmr/m/n/10.95 , which re-turns a 3-tuple \OT1/cmtt/m/n/
10.95 {\OT1/cmtt/m/sl/10.95 NumberOfGCs\OT1/cmtt/m/n/10.95 ,\OT1/cmtt/m/sl/10.9
5 WordsReclaimed\OT1/cmtt/m/n/10.95 ,0}
 []


LaTeX Warning: Reference `section:magic-cookie' on page 151 undefined on input 
line 581.


LaTeX Warning: Reference `section:getcookie0' on page 151 undefined on input li
ne 584.


LaTeX Warning: Reference `section:setcookie2' on page 151 undefined on input li
ne 590.


Overfull \hbox (32.04776pt too wide) in paragraph at lines 579--596
\OT1/cmr/m/n/10.95 can be set by a pro-cess on node \OT1/cmtt/m/sl/10.95 N \OT1
/cmr/m/n/10.95 by call-ing the BIF \OT1/cmtt/m/n/10.95 erlang:set_cookie/2[]
 []

[151]

LaTeX Warning: Reference `section:magic-cookie' on page 152 undefined on input 
line 601.


LaTeX Warning: Reference `section:setcookie2' on page 152 undefined on input li
ne 606.


LaTeX Warning: Reference `chapter:module-dynamics' on page 152 undefined on inp
ut line 630.


LaTeX Warning: Reference `section:module-bifs' on page 152 undefined on input l
ine 631.


LaTeX Warning: Reference `section:monitornode2' on page 152 undefined on input 
line 648.


LaTeX Warning: Reference `section:ports0' on page 152 undefined on input line 6
58.


LaTeX Warning: Reference `section:opening-ports' on page 152 undefined on input
 line 662.


LaTeX Warning: Reference `section:closing-ports' on page 152 undefined on input
 line 663.


LaTeX Warning: Reference `section:processes0' on page 152 undefined on input li
ne 673.


LaTeX Warning: Reference `section:spawning-processes' on page 152 undefined on 
input line 677.


LaTeX Warning: Reference `section:process-completion' on page 152 undefined on 
input line 678.

[152]

LaTeX Warning: Reference `section:statistics1' on page 153 undefined on input l
ine 705.


Overfull \hbox (27.26237pt too wide) in paragraph at lines 702--708
[]\OT1/cmr/m/n/10.95 The first time \OT1/cmtt/m/n/10.95 current_reductions[\OT1
/cmtt/m/sl/10.95 N\OT1/cmtt/m/n/10.95 ] \OT1/cmr/m/n/10.95 is in-voked, \OT1/cm
tt/m/sl/10.95 Total \OT1/cmr/m/n/10.95 and \OT1/cmtt/m/sl/10.95 SinceLast
 []


LaTeX Warning: Reference `section:process-registry-bifs' on page 153 undefined 
on input line 739.


LaTeX Warning: Reference `section:send-expr' on page 153 undefined on input lin
e 742.


Overfull \hbox (8.19148pt too wide) in paragraph at lines 736--745
[]\OT1/cmtt/m/n/10.95 registry[\OT1/cmtt/m/sl/10.95 N\OT1/cmtt/m/n/10.95 ] \OT1
/cmr/m/n/10.95 can be ac-cessed by pro-cesses run-ning on node \OT1/cmtt/m/sl/1
0.95 N \OT1/cmr/m/n/10.95 through
 []


Overfull \hbox (4.86618pt too wide) in paragraph at lines 736--745
\OT1/cmr/m/n/10.95 the BIFs \OT1/cmtt/m/n/10.95 register/2\OT1/cmr/m/n/10.95 , 
\OT1/cmtt/m/n/10.95 unregister/1\OT1/cmr/m/n/10.95 , \OT1/cmtt/m/n/10.95 regist
ered/0 \OT1/cmr/m/n/10.95 and \OT1/cmtt/m/n/10.95 whereis/1
 []

[153]

LaTeX Warning: Reference `section:statistics1' on page 154 undefined on input l
ine 763.


Overfull \hbox (10.01631pt too wide) in paragraph at lines 759--766
[]\OT1/cmr/m/n/10.95 The first time \OT1/cmtt/m/n/10.95 current_runtime[\OT1/cm
tt/m/sl/10.95 N\OT1/cmtt/m/n/10.95 ] \OT1/cmr/m/n/10.95 is in-voked, \OT1/cmtt/
m/sl/10.95 Total \OT1/cmr/m/n/10.95 and \OT1/cmtt/m/sl/10.95 SinceLast
 []


Overfull \hbox (2.08969pt too wide) in paragraph at lines 770--779
\OT1/cmr/m/n/10.95 used and up-dated by the atomic op-er-a-tion \OT1/cmtt/m/n/1
0.95 current_wall_clock[\OT1/cmtt/m/sl/10.95 N\OT1/cmtt/m/n/10.95 ]
 []


LaTeX Warning: Reference `section:statistics1' on page 154 undefined on input l
ine 784.


Overfull \hbox (27.26237pt too wide) in paragraph at lines 780--787
[]\OT1/cmr/m/n/10.95 The first time \OT1/cmtt/m/n/10.95 current_wall_clock[\OT1
/cmtt/m/sl/10.95 N\OT1/cmtt/m/n/10.95 ] \OT1/cmr/m/n/10.95 is in-voked, \OT1/cm
tt/m/sl/10.95 Total \OT1/cmr/m/n/10.95 and \OT1/cmtt/m/sl/10.95 SinceLast
 []

) [154]
\openout2 = `es-ports.aux'.

 (./es-ports.tex
Chapter 12.

LaTeX Warning: Reference `section:drivers' on page 155 undefined on input line 
32.

[155



]

LaTeX Warning: Reference `section:drivers' on page 156 undefined on input line 
91.


LaTeX Warning: Reference `section:port-bifs' on page 156 undefined on input lin
e 103.


LaTeX Warning: Reference `section:port-bifs' on page 156 undefined on input lin
e 112.

[156]

LaTeX Warning: Reference `section:openport2' on page 157 undefined on input lin
e 191.

[157]

LaTeX Warning: Reference `section:packets' on page 158 undefined on input line 
254.


Overfull \hbox (22.04349pt too wide) in paragraph at lines 259--260
[]\OT1/cmr/m/n/10.95 (Only rel-e-vant on POSIX-compliant sys-tems and for \OT1/
cmtt/m/n/10.95 {spawn,\OT1/cmtt/m/sl/10.95 Command\OT1/cmtt/m/n/10.95 }\OT1/cmr
/m/n/10.95 .) 
 []

[158]
Overfull \hbox (15.4418pt too wide) in paragraph at lines 303--305
\OT1/cmr/m/n/10.95 If \OT1/cmtt/m/sl/10.95 Options \OT1/cmr/m/n/10.95 is not a 
list or if \OT1/cmtt/m/sl/10.95 Options \OT1/cmr/m/n/10.95 con-tains un-rec-og-
nized terms, \OT1/cmtt/m/n/10.95 open_port/2
 []


LaTeX Warning: Reference `section:port-linking' on page 159 undefined on input 
line 308.


LaTeX Warning: Reference `section:send-expr' on page 159 undefined on input lin
e 321.


LaTeX Warning: Reference `section:exit-signals' on page 159 undefined on input 
line 324.


LaTeX Warning: Reference `section:port-state-dynamic' on page 159 undefined on 
input line 327.


LaTeX Warning: Reference `section:io-term' on page 159 undefined on input line 
342.


LaTeX Warning: Reference `section:send-port' on page 159 undefined on input lin
e 344.

[159]

LaTeX Warning: Reference `page:big-endian' on page 160 undefined on input line 
391.

[160]

LaTeX Warning: Reference `page:big-endian' on page 161 undefined on input line 
445.


LaTeX Warning: Reference `section:portclose1' on page 161 undefined on input li
ne 477.


Overfull \hbox (69.22124pt too wide) has occurred while \output is active
\OT1/cmr/m/sl/10.95 12.7.  TRANSMITTING DATA FROM THE OUTSIDE TO AN \OT1/cmr/m/
sc/10.95 ERLANG \OT1/cmr/m/sl/10.95 PROCESS \OT1/cmr/m/n/10.95 161
 []

[161]

LaTeX Warning: Reference `section:opening-ports' on page 162 undefined on input
 line 481.


LaTeX Warning: Reference `section:links' on page 162 undefined on input line 49
2.


LaTeX Warning: Reference `section:receiving-exit-signal' on page 162 undefined 
on input line 513.


LaTeX Warning: Reference `section:portinfo2' on page 162 undefined on input lin
e 595.

[162]

LaTeX Warning: Reference `chapter:external-format' on page 163 undefined on inp
ut line 611.


LaTeX Warning: Reference `section:portinfo2' on page 163 undefined on input lin
e 614.


LaTeX Warning: Reference `section:node1' on page 163 undefined on input line 64
0.

[163]

LaTeX Warning: Reference `section:portinfo2' on page 164 undefined on input lin
e 675.


LaTeX Warning: Reference `section:portinfo2' on page 164 undefined on input lin
e 690.


LaTeX Warning: Reference `section:links' on page 164 undefined on input line 70
1.


LaTeX Warning: Reference `section:exit-signals' on page 164 undefined on input 
line 711.


LaTeX Warning: Reference `section:portinfo2' on page 164 undefined on input lin
e 718.


LaTeX Warning: Reference `section:portinfo2' on page 164 undefined on input lin
e 737.

[164]) [165]
\openout2 = `es-bifs.aux'.

 (./es-bifs.tex [166



]
Chapter 13.
[167]

LaTeX Warning: Reference `table:typetests' on page 168 undefined on input line 
177.


LaTeX Warning: Reference `chapter:types-terms' on page 168 undefined on input l
ine 188.


LaTeX Warning: Reference `section:record2' on page 168 undefined on input line 
294.

[168] [169]
Overfull \hbox (18.18451pt too wide) in paragraph at lines 424--426
\OT1/cmr/m/n/10.95 Exits with cause \OT1/cmtt/m/n/10.95 badarg \OT1/cmr/m/n/10.
95 if $[][]$ is not a num-ber. May exit with \OT1/cmtt/m/n/10.95 integer_overfl
ow
 []


LaTeX Warning: Reference `section:guards' on page 170 undefined on input line 4
87.


LaTeX Warning: Reference `section:recognizer-bifs' on page 170 undefined on inp
ut line 488.


Overfull \hbox (6.68713pt too wide) in paragraph at lines 501--503
\OT1/cmr/m/n/10.95 Exits with cause \OT1/cmtt/m/n/10.95 badarg \OT1/cmr/m/n/10.
95 if $[][]$ is not a num-ber. May exit with \OT1/cmtt/m/n/10.95 float_overflow

 []

[170]

LaTeX Warning: Reference `section:float-to-numeral' on page 171 undefined on in
put line 547.


Overfull \hbox (120.18275pt too wide) in paragraph at lines 558--572
\OT1/cmtt/m/n/10.95 [45,54,46,55,50,48,48,48,48,48,48,48,48,48,48,48,48,48,50,5
5,56,54,55,101,45,48,51]\OT1/cmr/m/n/10.95 ,
 []


Overfull \hbox (102.93669pt too wide) in paragraph at lines 558--572
\OT1/cmtt/m/n/10.95 [49,46,51,48,48,48,48,48,48,48,48,48,48,48,48,48,48,48,48,4
8,48,48,101,43,48,53]\OT1/cmr/m/n/10.95 ,
 []


Overfull \hbox (102.93669pt too wide) in paragraph at lines 558--572
\OT1/cmtt/m/n/10.95 [48,46,48,48,48,48,48,48,48,48,48,48,48,48,48,48,48,48,48,4
8,48,48,101,43,48,48]\OT1/cmr/m/n/10.95 ,
 []


Overfull \hbox (120.18275pt too wide) in paragraph at lines 558--572
\OT1/cmtt/m/n/10.95 [54,46,51,54,56,57,57,57,57,57,57,57,57,57,57,57,57,53,52,5
3,53,51,101,43,49,50,51]\OT1/cmr/m/n/10.95 ,
 []

[171]

LaTeX Warning: Reference `section:integer-to-numeral' on page 172 undefined on 
input line 595.


LaTeX Warning: Reference `section:numeral-to-float' on page 172 undefined on in
put line 628.

[172]

LaTeX Warning: Reference `section:numeral-to-integer' on page 173 undefined on 
input line 667.


Overfull \hbox (85.08257pt too wide) in paragraph at lines 672--678
\OT1/cmtt/m/n/10.95 list_to_integer([48,48,48,48,48,48,53,54,55])\OT1/cmr/m/n/1
0.95 , i.e., \OT1/cmtt/m/n/10.95 list_to_integer("000000567")
 []

[173]
Overfull \hbox (18.18451pt too wide) in paragraph at lines 692--694
\OT1/cmr/m/n/10.95 Exits with cause \OT1/cmtt/m/n/10.95 badarg \OT1/cmr/m/n/10.
95 if $[][]$ is not a num-ber. May exit with \OT1/cmtt/m/n/10.95 integer_overfl
ow
 []


Overfull \hbox (18.18451pt too wide) in paragraph at lines 728--730
\OT1/cmr/m/n/10.95 Exits with cause \OT1/cmtt/m/n/10.95 badarg \OT1/cmr/m/n/10.
95 if $[][]$ is not a num-ber. May exit with \OT1/cmtt/m/n/10.95 integer_overfl
ow
 []

[174]

LaTeX Warning: Reference `section:binaries' on page 175 undefined on input line
 757.

[175]

LaTeX Warning: Reference `chapter:external-format' on page 176 undefined on inp
ut line 831.


LaTeX Warning: Reference `chapter:external-format' on page 176 undefined on inp
ut line 847.

[176]

LaTeX Warning: Reference `section:size1' on page 177 undefined on input line 91
2.

[177]

LaTeX Warning: Reference `chapter:external-format' on page 178 undefined on inp
ut line 960.


LaTeX Warning: Reference `chapter:external-format' on page 178 undefined on inp
ut line 981.


LaTeX Warning: Reference `section:tuples' on page 178 undefined on input line 9
96.

[178] [179]

LaTeX Warning: Reference `section:lists' on page 180 undefined on input line 11
39.

[180] [181]

LaTeX Warning: Reference `section:module-declarations' on page 182 undefined on
 input line 1247.


LaTeX Warning: Reference `chapter:module-dynamics' on page 182 undefined on inp
ut line 1248.


LaTeX Warning: Citation `otp-dev-ref' on page 182 undefined on input line 1260.



LaTeX Warning: Reference `section:process-using-module' on page 182 undefined o
n input line 1269.


LaTeX Warning: Reference `section:checking-process-module' on page 182 undefine
d on input line 1288.

[182]

LaTeX Warning: Reference `section:replacing-module' on page 183 undefined on in
put line 1301.


LaTeX Warning: Reference `section:making-old-version' on page 183 undefined on 
input line 1329.


LaTeX Warning: Reference `section:loading' on page 183 undefined on input line 
1342.

[183]

LaTeX Warning: Reference `section:making-old-version' on page 184 undefined on 
input line 1374.


LaTeX Warning: Reference `section:making-current-version' on page 184 undefined
 on input line 1378.


LaTeX Warning: Reference `section:replacing-module' on page 184 undefined on in
put line 1414.

[184]

LaTeX Warning: Reference `section:purging-old-version' on page 185 undefined on
 input line 1434.


LaTeX Warning: Reference `section:current-version' on page 185 undefined on inp
ut line 1446.


LaTeX Warning: Reference `section:function-application' on page 185 undefined o
n input line 1495.

[185]

LaTeX Warning: Reference `item:explicit-mod-fun' on page 186 undefined on input
 line 1504.


LaTeX Warning: Reference `section:function-application' on page 186 undefined o
n input line 1505.


LaTeX Warning: Reference `item:function-application-impl-fun' on page 186 undef
ined on input line 1509.


LaTeX Warning: Reference `item:function-application-expl-fun' on page 186 undef
ined on input line 1510.


LaTeX Warning: Reference `section:function-application' on page 186 undefined o
n input line 1511.


LaTeX Warning: Reference `section:function-application' on page 186 undefined o
n input line 1536.


LaTeX Warning: Reference `item:explicit-mod-fun' on page 186 undefined on input
 line 1542.


LaTeX Warning: Reference `section:function-application' on page 186 undefined o
n input line 1543.


LaTeX Warning: Reference `section:catch' on page 186 undefined on input line 15
57.

[186]

LaTeX Warning: Reference `section:receiving-exit-signal' on page 187 undefined 
on input line 1586.


LaTeX Warning: Reference `section:sending-exit-signal' on page 187 undefined on
 input line 1603.


LaTeX Warning: Reference `section:group-leader' on page 187 undefined on input 
line 1614.

[187]

LaTeX Warning: Reference `section:signals' on page 188 undefined on input line 
1650.


LaTeX Warning: Reference `section:signal-arrival' on page 188 undefined on inpu
t line 1653.


LaTeX Warning: Reference `section:links' on page 188 undefined on input line 16
84.


LaTeX Warning: Reference `section:signals' on page 188 undefined on input line 
1684.

[188]

LaTeX Warning: Reference `section:pidtolist1' on page 189 undefined on input li
ne 1714.


Overfull \hbox (65.2934pt too wide) in paragraph at lines 1737--1747
\OT1/cmr/m/n/10.95 guar-an-teed that for any PID \OT1/cmtt/m/sl/10.95 P\OT1/cmr
/m/n/10.95 , the value of an ex-pres-sion \OT1/cmtt/m/n/10.95 list_to_pid(pid_t
o_list(\OT1/cmtt/m/sl/10.95 P\OT1/cmtt/m/n/10.95 ))
 []

[189]

LaTeX Warning: Reference `section:scheduling' on page 190 undefined on input li
ne 1772.


LaTeX Warning: Reference `section:processinfo2' on page 190 undefined on input 
line 1820.


LaTeX Warning: Reference `table:processinfo' on page 190 undefined on input lin
e 1821.


LaTeX Warning: Reference `table:processinfo' on page 190 undefined on input lin
e 1835.


LaTeX Warning: Reference `table:processinfo' on page 190 undefined on input lin
e 1898.

[190]

LaTeX Warning: Reference `section:get0' on page 191 undefined on input line 191
2.


Overfull \hbox (26.79285pt too wide) in paragraph at lines 1909--1913
\OT1/cmtt/m/sl/10.95 Dict \OT1/cmr/m/n/10.95 is an as-so-ci-a-tion list rep-re-
sent-ing the con-tents of \OT1/cmtt/m/n/10.95 dictionary[$[][]$]
 []


Overfull \hbox (54.68805pt too wide) in paragraph at lines 1913--1915
[]\OT1/cmr/m/n/10.95 If $[][]$ is \OT1/cmtt/m/n/10.95 error_handler\OT1/cmr/m/n
/10.95 , then re-turn \OT1/cmtt/m/n/10.95 {error_handler,error_handler[$[][]$]}
\OT1/cmr/m/n/10.95 . 
 []


Overfull \hbox (37.44199pt too wide) in paragraph at lines 1915--1917
[]\OT1/cmr/m/n/10.95 If $[][]$ is \OT1/cmtt/m/n/10.95 group_leader\OT1/cmr/m/n/
10.95 , then re-turn \OT1/cmtt/m/n/10.95 {group_leader,group_leader[$[][]$]}\OT
1/cmr/m/n/10.95 . 
 []


Overfull \hbox (37.44199pt too wide) in paragraph at lines 1919--1921
[]\OT1/cmr/m/n/10.95 If $[][]$ is \OT1/cmtt/m/n/10.95 initial_call\OT1/cmr/m/n/
10.95 , then re-turn \OT1/cmtt/m/n/10.95 {initial_call,initial_call[$[][]$]}\OT
1/cmr/m/n/10.95 . 
 []

[191]
Overfull \hbox (2.94986pt too wide) in paragraph at lines 1935--1937
[]\OT1/cmr/m/n/10.95 If $[][]$ is \OT1/cmtt/m/n/10.95 reductions\OT1/cmr/m/n/10
.95 , then re-turn \OT1/cmtt/m/n/10.95 {reductions,reductions[$[][]$]}\OT1/cmr/
m/n/10.95 . 
 []


Overfull \hbox (89.18018pt too wide) in paragraph at lines 1937--1939
[]\OT1/cmr/m/n/10.95 If $[][]$ is \OT1/cmtt/m/n/10.95 registered_name\OT1/cmr/m
/n/10.95 , then re-turn \OT1/cmtt/m/n/10.95 {registered_name,registered_name[$[
][]$]}\OT1/cmr/m/n/10.95 . 
 []


LaTeX Warning: Reference `section:signals' on page 192 undefined on input line 
1949.


LaTeX Warning: Reference `section:processes0' on page 192 undefined on input li
ne 1959.

[192]

LaTeX Warning: Reference `section:spawning-processes' on page 193 undefined on 
input line 2004.


LaTeX Warning: Reference `section:spawning-processes' on page 193 undefined on 
input line 2030.


LaTeX Warning: Reference `section:spawn3' on page 193 undefined on input line 2
055.

[193]

LaTeX Warning: Reference `section:spawn4' on page 194 undefined on input line 2
080.


LaTeX Warning: Reference `section:process-state-dynamic' on page 194 undefined 
on input line 2125.


LaTeX Warning: Reference `section:tables' on page 194 undefined on input line 2
127.


Overfull \hbox (18.81749pt too wide) in paragraph at lines 2125--2128
\OT1/cmr/m/n/10.95 As de-scribed in \OMS/cmsy/m/n/10.95 x[]\OT1/cmr/m/n/10.95 ,
 each pro-cess \OT1/cmtt/m/sl/10.95 P \OT1/cmr/m/n/10.95 has as-so-ci-ated with
 it a ta-ble \OT1/cmtt/m/n/10.95 dictionary[\OT1/cmtt/m/sl/10.95 P\OT1/cmtt/m/n
/10.95 ]
 []

[194]

LaTeX Warning: Reference `section:tables' on page 195 undefined on input line 2
147.

[195]

LaTeX Warning: Reference `section:tables' on page 196 undefined on input line 2
215.

[196] [197]

LaTeX Warning: Reference `section:friendship' on page 198 undefined on input li
ne 2413.


LaTeX Warning: Reference `section:monitor-node' on page 198 undefined on input 
line 2414.

[198] [199]

LaTeX Warning: Reference `section:process-state-static' on page 200 undefined o
n input line 2560.

[200]

LaTeX Warning: Reference `section:process-state-static' on page 201 undefined o
n input line 2584.


LaTeX Warning: Reference `section:port-state-static' on page 201 undefined on i
nput line 2585.

[201]

LaTeX Warning: Reference `section:single-multi-node' on page 202 undefined on i
nput line 2653.


Overfull \hbox (2.68752pt too wide) in paragraph at lines 2666--2669
[]\OT1/cmr/m/n/10.95 If $[][]$ does not equal \OT1/cmtt/m/sl/10.95 N\OT1/cmr/m/
n/10.95 , then delete any pair for $[][]$ in \OT1/cmtt/m/n/10.95 magic_cookies[
\OT1/cmtt/m/sl/10.95 N\OT1/cmtt/m/n/10.95 ]
 []

[202]

LaTeX Warning: Reference `section:node-state-dynamic' on page 203 undefined on 
input line 2771.


Overfull \hbox (30.33472pt too wide) in paragraph at lines 2770--2777
\OT1/cmr/m/n/10.95 a 3-tuple \OT1/cmtt/m/n/10.95 {\OT1/cmtt/m/sl/10.95 NumberOf
GCs\OT1/cmtt/m/n/10.95 ,\OT1/cmtt/m/sl/10.95 WordsReclaimed\OT1/cmtt/m/n/10.95 
,0} \OT1/cmr/m/n/10.95 of in-te-gers where \OT1/cmtt/m/sl/10.95 NumberOfGCs
 []


LaTeX Warning: Reference `section:node-state-dynamic' on page 203 undefined on 
input line 2779.


Overfull \hbox (27.00864pt too wide) in paragraph at lines 2778--2784
\OT1/cmr/m/n/10.95 a 2-tuple \OT1/cmtt/m/n/10.95 {\OT1/cmtt/m/sl/10.95 TotalRed
uctions\OT1/cmtt/m/n/10.95 ,\OT1/cmtt/m/sl/10.95 RecentReductions\OT1/cmtt/m/n/
10.95 } \OT1/cmr/m/n/10.95 where \OT1/cmtt/m/sl/10.95 TotalReductions
 []


LaTeX Warning: Reference `section:node-state-dynamic' on page 203 undefined on 
input line 2789.

[203]

LaTeX Warning: Reference `section:node-state-dynamic' on page 204 undefined on 
input line 2796.


Overfull \hbox (9.76257pt too wide) in paragraph at lines 2795--2801
\OT1/cmr/m/n/10.95 a 2-tuple \OT1/cmtt/m/n/10.95 {\OT1/cmtt/m/sl/10.95 TotalWal
lClock\OT1/cmtt/m/n/10.95 ,\OT1/cmtt/m/sl/10.95 RecentWallClock\OT1/cmtt/m/n/10
.95 } \OT1/cmr/m/n/10.95 where \OT1/cmtt/m/sl/10.95 TotalWallClock
 []


LaTeX Warning: Reference `section:process-registry' on page 204 undefined on in
put line 2812.

[204]
Overfull \hbox (13.13614pt too wide) in paragraph at lines 2900--2902
[]\OT1/cmr/m/n/10.95 Otherwise, the as-so-ci-a-tion for the name $[][]$ is re-m
oved from \OT1/cmtt/m/n/10.95 registry[\OT1/cmtt/m/sl/10.95 N\OT1/cmtt/m/n/10.9
5 ]\OT1/cmr/m/n/10.95 . 
 []

[205]

LaTeX Warning: Reference `section:opening-ports' on page 206 undefined on input
 line 2958.


LaTeX Warning: Reference `section:opening-ports' on page 206 undefined on input
 line 2962.

[206]

LaTeX Warning: Reference `section:portinfo2' on page 207 undefined on input lin
e 3018.


LaTeX Warning: Reference `table:portinfo' on page 207 undefined on input line 3
019.


LaTeX Warning: Reference `table:portinfo' on page 207 undefined on input line 3
033.


LaTeX Warning: Reference `table:portinfo' on page 207 undefined on input line 3
063.

[207]

LaTeX Warning: Reference `section:signals' on page 208 undefined on input line 
3088.

[208]
Overfull \hbox (3.96515pt too wide) in paragraph at lines 3160--3161
[]\OT1/cmtt/m/n/10.95 date() \OT1/cmr/m/n/10.95 eval-u-ated on the 29th of June
, 1996, would re-turn \OT1/cmtt/m/n/10.95 {1996,6,29}\OT1/cmr/m/n/10.95 . 
 []


Overfull \hbox (5.91187pt too wide) in paragraph at lines 3161--3162
[]\OT1/cmtt/m/n/10.95 date() \OT1/cmr/m/n/10.95 eval-u-ated on the 1st of Jan-u
ary, 2000, would re-turn \OT1/cmtt/m/n/10.95 {2000,1,1}\OT1/cmr/m/n/10.95 . 
 []


LaTeX Warning: Reference `chapter:hashing' on page 209 undefined on input line 
3186.

[209]

LaTeX Warning: Reference `section:node-state-dynamic' on page 210 undefined on 
input line 3215.

[210]

LaTeX Warning: Reference `table:reserved-functions' on page 211 undefined on in
put line 3311.


LaTeX Warning: Reference `table:reserved-functions' on page 211 undefined on in
put line 3321.


LaTeX Warning: Reference `section:moduleinfo0' on page 211 undefined on input l
ine 3334.


LaTeX Warning: Reference `section:moduleinfo1' on page 211 undefined on input l
ine 3335.


LaTeX Warning: Reference `section:record2' on page 211 undefined on input line 
3337.

) [211] [212]
\openout2 = `es-libraries.aux'.

 (./es-libraries.tex
Chapter 14.

LaTeX Warning: Citation `otp-dev-ref' on page 213 undefined on input line 42.


LaTeX Warning: Citation `harbison+steele:c' on page 213 undefined on input line
 61.


LaTeX Warning: Citation `iso-c' on page 213 undefined on input line 61.

[213



] [214]
Overfull \hbox (18.42256pt too wide) in paragraph at lines 219--221
[]\OT1/cmr/m/n/10.95 If $[][]$ is neg-a-tive and $[][]$ is pos-i-tive, \OT1/cmt
t/m/n/10.95 atan2($[][]$,$[][]$) \OT1/cmr/m/n/10.95 equals \OT1/cmtt/m/n/10.95 
-atan((-$[][]$)/$[][]$)\OT1/cmr/m/n/10.95 . 
 []


Overfull \hbox (70.16075pt too wide) in paragraph at lines 221--223
[]\OT1/cmr/m/n/10.95 If $[][]$ is pos-i-tive and $[][]$ is neg-a-tive, \OT1/cmt
t/m/n/10.95 atan2($[][]$,$[][]$) \OT1/cmr/m/n/10.95 equals \OT1/cmtt/m/n/10.95 
math:pi()-atan($[][]$/(-$[][]$))\OT1/cmr/m/n/10.95 . 
 []


Overfull \hbox (35.72926pt too wide) in paragraph at lines 223--225
[]\OT1/cmr/m/n/10.95 If $[][]$ and $[][]$ are both neg-a-tive, \OT1/cmtt/m/n/10
.95 atan2($[][]$,$[][]$) \OT1/cmr/m/n/10.95 equals \OT1/cmtt/m/n/10.95 atan($[]
[]$/$[][]$)-math:pi()\OT1/cmr/m/n/10.95 . 
 []

[215] [216] [217] [218]) [219]
No file es.bbl.
\openout2 = `es-operators.aux'.

(./es-operators.tex [220



]
Appendix A.

LaTeX Warning: Reference `section:catch' on page 221 undefined on input line 45
.


LaTeX Warning: Reference `section:match-expr' on page 221 undefined on input li
ne 46.


LaTeX Warning: Reference `section:send-expr' on page 221 undefined on input lin
e 47.


LaTeX Warning: Reference `section:relational' on page 221 undefined on input li
ne 48.


LaTeX Warning: Reference `section:relational' on page 221 undefined on input li
ne 49.


LaTeX Warning: Reference `section:listconc-exprs' on page 221 undefined on inpu
t line 50.


LaTeX Warning: Reference `section:additive' on page 221 undefined on input line
 51.


LaTeX Warning: Reference `section:shift' on page 221 undefined on input line 52
.


LaTeX Warning: Reference `section:additive' on page 221 undefined on input line
 53.


LaTeX Warning: Reference `section:multiplicative' on page 221 undefined on inpu
t line 54.


LaTeX Warning: Reference `section:multiplicative' on page 221 undefined on inpu
t line 55.


LaTeX Warning: Reference `section:multiplicative' on page 221 undefined on inpu
t line 56.


LaTeX Warning: Reference `section:multiplicative' on page 221 undefined on inpu
t line 57.


LaTeX Warning: Reference `section:unary' on page 221 undefined on input line 58
.


LaTeX Warning: Reference `section:record-exprs' on page 221 undefined on input 
line 59.


LaTeX Warning: Reference `section:record-exprs' on page 221 undefined on input 
line 60.


LaTeX Warning: Reference `section:application-exprs' on page 221 undefined on i
nput line 61.


LaTeX Warning: Reference `section:variables-eval' on page 221 undefined on inpu
t line 62.


LaTeX Warning: Reference `section:atomic-literals' on page 221 undefined on inp
ut line 63.


LaTeX Warning: Reference `section:tuple-skeletons' on page 221 undefined on inp
ut line 64.


LaTeX Warning: Reference `section:list-skeletons' on page 221 undefined on inpu
t line 65.


LaTeX Warning: Reference `section:list-comprehensions' on page 221 undefined on
 input line 66.


LaTeX Warning: Reference `section:block-exprs' on page 221 undefined on input l
ine 67.


LaTeX Warning: Reference `section:if-expr' on page 221 undefined on input line 
73.


LaTeX Warning: Reference `section:case-expr' on page 221 undefined on input lin
e 74.


LaTeX Warning: Reference `section:receive-expr' on page 221 undefined on input 
line 75.


LaTeX Warning: Reference `section:fun-exprs' on page 221 undefined on input lin
e 79.


LaTeX Warning: Reference `section:fun-exprs' on page 221 undefined on input lin
e 80.


LaTeX Warning: Reference `section:query-exprs' on page 221 undefined on input l
ine 82.


LaTeX Warning: Reference `section:paren-expr' on page 221 undefined on input li
ne 84.

[221]) [222]
\openout2 = `es-parse-trees.aux'.

 (./es-parse-trees.tex
Appendix B.

LaTeX Warning: Reference `section:parse-transform' on page 223 undefined on inp
ut line 30.


LaTeX Warning: Reference `section:module-declarations' on page 223 undefined on
 input line 55.

[223



]

LaTeX Warning: Reference `section:record-declarations' on page 224 undefined on
 input line 101.

[224]

LaTeX Warning: Reference `section:atomic-literal-rep' on page 225 undefined on 
input line 144.

[225] [226]

LaTeX Warning: Reference `section:atomic-literal-rep' on page 227 undefined on 
input line 222.

[227] [228]
Overfull \hbox (9.88293pt too wide) detected at line 310
[]
 []

[229]

LaTeX Warning: Reference `section:expressions-rep' on page 230 undefined on inp
ut line 352.

) [230]
\openout2 = `es-hashing.aux'.

 (./es-hashing.tex
Appendix C.

LaTeX Warning: Reference `section:hash2' on page 231 undefined on input line 29
.

[231



] [232]) [233]
\openout2 = `es-external-format.aux'.

 (./es-external-format.tex [234



]
Appendix D.

LaTeX Warning: Reference `section:binarytoterm1' on page 235 undefined on input
 line 32.


LaTeX Warning: Reference `section:termtobinary1' on page 235 undefined on input
 line 37.


LaTeX Warning: Reference `chapter:nodes' on page 235 undefined on input line 78
.


LaTeX Warning: Reference `section:node-state-dynamic' on page 235 undefined on 
input line 82.


LaTeX Warning: Reference `chapter:hashing' on page 235 undefined on input line 
92.

[235] [236] [237]) [238]
\openout2 = `es-grammar.aux'.

 (./es-grammar.tex
Appendix E.

! LaTeX Error: File `es-lex-gram.tex' not found.

Type X to quit or <RETURN> to proceed,
or enter new name. (Default extension: tex)

Enter file name: ERlang.pdf

! LaTeX Error: File `ERlang.pdf' not found.

Type X to quit or <RETURN> to proceed,
or enter new name. (Default extension: pdf)

Enter file name: 

! LaTeX Error: Something's wrong--perhaps a missing \item.

See the LaTeX manual or LaTeX Companion for explanation.
Type  H <return>  for immediate help.
 ...                                              
                                                  
l.31 \end{rules}
                
? 

! LaTeX Error: File `es-main-gram.tex' not found.

Type X to quit or <RETURN> to proceed,
or enter new name. (Default extension: tex)

Enter file name: 

! LaTeX Error: Something's wrong--perhaps a missing \item.

See the LaTeX manual or LaTeX Companion for explanation.
Type  H <return>  for immediate help.
 ...                                              
                                                  
l.43 \end{rules}
                
? 

! LaTeX Error: File `es-preproc-gram.tex' not found.

Type X to quit or <RETURN> to proceed,
or enter new name. (Default extension: tex)

Enter file name: 

! LaTeX Error: Something's wrong--perhaps a missing \item.

See the LaTeX manual or LaTeX Companion for explanation.
Type  H <return>  for immediate help.
 ...                                              
                                                  
l.55 \end{rules}
                
? 
) [239



]
\openout2 = `es-see.aux'.

 (./es-see.tex) [240




]
No file es.ind.
(./es.aux (./es-release-notes.aux) (./es-todo.aux) (./es-introduction.aux)
(./es-notation.aux) (./es-lexical-structure.aux) (./es-types-terms.aux)
(./es-arithmetics.aux) (./es-expressions-evaluation.aux)
(./es-preprocessing.aux) (./es-programs-modules.aux) (./es-code-maintenance.aux
) (./es-processes.aux) (./es-nodes.aux) (./es-ports.aux) (./es-bifs.aux)
(./es-libraries.aux) (./es-operators.aux) (./es-parse-trees.aux)
(./es-hashing.aux) (./es-external-format.aux) (./es-grammar.aux) (./es-see.aux)
)

LaTeX Font Warning: Some font shapes were not available, defaults substituted.


LaTeX Warning: There were undefined references.


LaTeX Warning: Label(s) may have changed. Rerun to get cross-references right.

 ) 
Here is how much of TeX's memory you used:
 1880 strings out of 492649
 26077 string characters out of 6129622
 104642 words of memory out of 5000000
 5634 multiletter control sequences out of 15000+600000
 21294 words of font info for 83 fonts, out of 8000000 for 9000
 1141 hyphenation exceptions out of 8191
 31i,18n,32p,254b,360s stack positions out of 5000i,500n,10000p,200000b,80000s
</usr/local/texlive/2018/texmf-dist/fonts/type1/public/amsfonts/cm/cmbx10.pfb
></usr/local/texlive/2018/texmf-dist/fonts/type1/public/amsfonts/cm/cmbx12.pfb>
</usr/local/texlive/2018/texmf-dist/fonts/type1/public/amsfonts/cm/cmbx9.pfb></
usr/local/texlive/2018/texmf-dist/fonts/type1/public/amsfonts/cm/cmbxti10.pfb><
/usr/local/texlive/2018/texmf-dist/fonts/type1/public/amsfonts/cm/cmcsc10.pfb><
/usr/local/texlive/2018/texmf-dist/fonts/type1/public/amsfonts/cm/cmex10.pfb></
usr/local/texlive/2018/texmf-dist/fonts/type1/public/amsfonts/cm/cmitt10.pfb></
usr/local/texlive/2018/texmf-dist/fonts/type1/public/amsfonts/cm/cmmi10.pfb></u
sr/local/texlive/2018/texmf-dist/fonts/type1/public/amsfonts/cm/cmmi6.pfb></usr
/local/texlive/2018/texmf-dist/fonts/type1/public/amsfonts/cm/cmmi8.pfb></usr/l
ocal/texlive/2018/texmf-dist/fonts/type1/public/amsfonts/cm/cmr10.pfb></usr/loc
al/texlive/2018/texmf-dist/fonts/type1/public/amsfonts/cm/cmr12.pfb></usr/local
/texlive/2018/texmf-dist/fonts/type1/public/amsfonts/cm/cmr17.pfb></usr/local/t
exlive/2018/texmf-dist/fonts/type1/public/amsfonts/cm/cmr6.pfb></usr/local/texl
ive/2018/texmf-dist/fonts/type1/public/amsfonts/cm/cmr8.pfb></usr/local/texlive
/2018/texmf-dist/fonts/type1/public/amsfonts/cm/cmr9.pfb></usr/local/texlive/20
18/texmf-dist/fonts/type1/public/amsfonts/cm/cmsl10.pfb></usr/local/texlive/201
8/texmf-dist/fonts/type1/public/amsfonts/cm/cmsl8.pfb></usr/local/texlive/2018/
texmf-dist/fonts/type1/public/amsfonts/cm/cmsltt10.pfb></usr/local/texlive/2018
/texmf-dist/fonts/type1/public/amsfonts/cm/cmsy10.pfb></usr/local/texlive/2018/
texmf-dist/fonts/type1/public/amsfonts/cm/cmsy6.pfb></usr/local/texlive/2018/te
xmf-dist/fonts/type1/public/amsfonts/cm/cmsy8.pfb></usr/local/texlive/2018/texm
f-dist/fonts/type1/public/amsfonts/cm/cmsy9.pfb></usr/local/texlive/2018/texmf-
dist/fonts/type1/public/amsfonts/cm/cmti10.pfb></usr/local/texlive/2018/texmf-d
ist/fonts/type1/public/amsfonts/cm/cmti8.pfb></usr/local/texlive/2018/texmf-dis
t/fonts/type1/public/amsfonts/cm/cmti9.pfb></usr/local/texlive/2018/texmf-dist/
fonts/type1/public/amsfonts/cm/cmtt10.pfb></usr/local/texlive/2018/texmf-dist/f
onts/type1/public/amsfonts/cm/cmtt12.pfb></usr/local/texlive/2018/texmf-dist/fo
nts/type1/public/amsfonts/cm/cmtt8.pfb></usr/local/texlive/2018/texmf-dist/font
s/type1/public/amsfonts/cm/cmtt9.pfb></usr/local/texlive/2018/texmf-dist/fonts/
type1/public/amsfonts/latxfont/lasy10.pfb></usr/local/texlive/2018/texmf-dist/f
onts/type1/urw/zapfding/uzdr.pfb>
Output written on es.pdf (254 pages, 869933 bytes).
PDF statistics:
 954 PDF objects out of 1000 (max. 8388607)
 659 compressed objects within 7 object streams
 0 named destinations out of 1000 (max. 500000)
 1 words of extra memory for PDF output out of 10000 (max. 10000000)

